  [1m[36m (1.2ms)[0m  [1mCREATE TABLE "schema_migrations" ("version" varchar NOT NULL) [0m
  [1m[35m (0.1ms)[0m  select sqlite_version(*)
  [1m[36m (1.4ms)[0m  [1mCREATE UNIQUE INDEX "unique_schema_migrations" ON "schema_migrations" ("version")[0m
  [1m[35mActiveRecord::SchemaMigration Load (0.1ms)[0m  SELECT "schema_migrations".* FROM "schema_migrations"
Migrating to CreateKanbanBoards (20151003145436)
  [1m[36m (0.1ms)[0m  [1mbegin transaction[0m
  [1m[35m (0.3ms)[0m  CREATE TABLE "kanban_boards" ("id" INTEGER PRIMARY KEY AUTOINCREMENT NOT NULL, "title" varchar, "description" varchar, "public_visible" boolean DEFAULT 't', "created_at" datetime NOT NULL, "updated_at" datetime NOT NULL) 
  [1m[36mSQL (0.1ms)[0m  [1mINSERT INTO "schema_migrations" ("version") VALUES (?)[0m  [["version", "20151003145436"]]
  [1m[35m (1.6ms)[0m  commit transaction
Migrating to CreateTasks (20151003210223)
  [1m[36m (0.0ms)[0m  [1mbegin transaction[0m
  [1m[35m (0.2ms)[0m  CREATE TABLE "tasks" ("id" INTEGER PRIMARY KEY AUTOINCREMENT NOT NULL, "kanban_board_id" integer, "title" varchar, "priority" varchar, "current_status" varchar, "deleted" boolean DEFAULT 'f', "hidden" boolean DEFAULT 'f', "created_at" datetime NOT NULL, "updated_at" datetime NOT NULL) 
  [1m[36m (0.1ms)[0m  [1mCREATE  INDEX "index_tasks_on_kanban_board_id" ON "tasks" ("kanban_board_id")[0m
  [1m[35mSQL (0.1ms)[0m  INSERT INTO "schema_migrations" ("version") VALUES (?)  [["version", "20151003210223"]]
  [1m[36m (1.1ms)[0m  [1mcommit transaction[0m
Migrating to DeviseCreateUsers (20151003214243)
  [1m[35m (0.0ms)[0m  begin transaction
  [1m[36m (0.2ms)[0m  [1mCREATE TABLE "users" ("id" INTEGER PRIMARY KEY AUTOINCREMENT NOT NULL, "email" varchar DEFAULT '' NOT NULL, "encrypted_password" varchar DEFAULT '' NOT NULL, "reset_password_token" varchar, "reset_password_sent_at" datetime, "remember_created_at" datetime, "sign_in_count" integer DEFAULT 0 NOT NULL, "current_sign_in_at" datetime, "last_sign_in_at" datetime, "current_sign_in_ip" varchar, "last_sign_in_ip" varchar, "created_at" datetime NOT NULL, "updated_at" datetime NOT NULL) [0m
  [1m[35m (0.8ms)[0m  CREATE UNIQUE INDEX "index_users_on_email" ON "users" ("email")
  [1m[36m (0.1ms)[0m  [1m            SELECT sql
            FROM sqlite_master
            WHERE name='index_users_on_email' AND type='index'
            UNION ALL
            SELECT sql
            FROM sqlite_temp_master
            WHERE name='index_users_on_email' AND type='index'
[0m
  [1m[35m (0.1ms)[0m  CREATE UNIQUE INDEX "index_users_on_reset_password_token" ON "users" ("reset_password_token")
  [1m[36mSQL (0.1ms)[0m  [1mINSERT INTO "schema_migrations" ("version") VALUES (?)[0m  [["version", "20151003214243"]]
  [1m[35m (1.3ms)[0m  commit transaction
Migrating to AddPositionToTask (20151006231254)
  [1m[36m (0.0ms)[0m  [1mbegin transaction[0m
  [1m[35m (0.2ms)[0m  ALTER TABLE "tasks" ADD "position" integer DEFAULT 0
  [1m[36mSQL (0.1ms)[0m  [1mINSERT INTO "schema_migrations" ("version") VALUES (?)[0m  [["version", "20151006231254"]]
  [1m[35m (1.1ms)[0m  commit transaction
  [1m[36mActiveRecord::SchemaMigration Load (0.1ms)[0m  [1mSELECT "schema_migrations".* FROM "schema_migrations"[0m
  [1m[35m (0.1ms)[0m              SELECT sql
            FROM sqlite_master
            WHERE name='index_tasks_on_kanban_board_id' AND type='index'
            UNION ALL
            SELECT sql
            FROM sqlite_temp_master
            WHERE name='index_tasks_on_kanban_board_id' AND type='index'

  [1m[36m (0.1ms)[0m  [1m            SELECT sql
            FROM sqlite_master
            WHERE name='index_users_on_reset_password_token' AND type='index'
            UNION ALL
            SELECT sql
            FROM sqlite_temp_master
            WHERE name='index_users_on_reset_password_token' AND type='index'
[0m
  [1m[35m (0.1ms)[0m              SELECT sql
            FROM sqlite_master
            WHERE name='index_users_on_email' AND type='index'
            UNION ALL
            SELECT sql
            FROM sqlite_temp_master
            WHERE name='index_users_on_email' AND type='index'



Started GET "/" for ::1 at 2016-02-17 21:56:04 -0600
  [1m[36mActiveRecord::SchemaMigration Load (0.1ms)[0m  [1mSELECT "schema_migrations".* FROM "schema_migrations"[0m
Processing by KanbanBoardsController#index as HTML
  [1m[35mKanbanBoard Load (0.1ms)[0m  SELECT "kanban_boards".* FROM "kanban_boards" WHERE "kanban_boards"."public_visible" = 't'
  Rendered kanban_boards/index.html.haml within layouts/application (5.4ms)
  Rendered shared/_navbar.html.haml (9.9ms)
Completed 200 OK in 3651ms (Views: 3633.8ms | ActiveRecord: 0.3ms)


Started GET "/assets/application.self-d88e4531a1c22051ce424c624f8c5279610f6c3bb5e8b3b2ea35c869cc273c92.css?body=1" for ::1 at 2016-02-17 21:56:08 -0600


Started GET "/kanban_boards/new" for ::1 at 2016-02-17 21:56:11 -0600
Processing by KanbanBoardsController#new as HTML
  Rendered kanban_boards/_form.html.haml (19.6ms)
  Rendered kanban_boards/new.html.haml within layouts/application (21.1ms)
  Rendered shared/_navbar.html.haml (3.1ms)
Completed 200 OK in 95ms (Views: 92.0ms | ActiveRecord: 0.1ms)


Started POST "/kanban_boards" for ::1 at 2016-02-17 21:56:14 -0600
Processing by KanbanBoardsController#create as HTML
  Parameters: {"utf8"=>"✓", "authenticity_token"=>"8LNVKdxyxAfZFkCR+MB9iECN2BfHNrR6ZHCHalxIst7Mv02eZfeJ4yjrQljvNusZ49bF3hJs1cSLlPSsnurMsA==", "kanban_board"=>{"title"=>"test", "description"=>"tset"}, "commit"=>"Save changes"}
  [1m[36m (0.1ms)[0m  [1mbegin transaction[0m
  [1m[35mSQL (0.3ms)[0m  INSERT INTO "kanban_boards" ("title", "description", "created_at", "updated_at") VALUES (?, ?, ?, ?)  [["title", "test"], ["description", "tset"], ["created_at", "2016-02-18 03:56:14.119888"], ["updated_at", "2016-02-18 03:56:14.119888"]]
  [1m[36m (1.3ms)[0m  [1mcommit transaction[0m
Redirected to http://localhost:3000/kanban_boards/1
Completed 302 Found in 5ms (ActiveRecord: 1.6ms)


Started GET "/kanban_boards/1" for ::1 at 2016-02-17 21:56:14 -0600
Processing by KanbanBoardsController#show as HTML
  Parameters: {"id"=>"1"}
  [1m[35mKanbanBoard Load (0.1ms)[0m  SELECT  "kanban_boards".* FROM "kanban_boards" WHERE "kanban_boards"."id" = ? LIMIT 1  [["id", 1]]
  [1m[36mTask Load (0.1ms)[0m  [1mSELECT "tasks".* FROM "tasks" WHERE "tasks"."kanban_board_id" = ? AND (current_status = 'todo')  ORDER BY "tasks"."position" ASC[0m  [["kanban_board_id", 1]]
  [1m[35mTask Load (0.1ms)[0m  SELECT "tasks".* FROM "tasks" WHERE "tasks"."kanban_board_id" = ? AND (current_status = 'in_progress')  ORDER BY "tasks"."position" ASC  [["kanban_board_id", 1]]
  [1m[36mTask Load (0.1ms)[0m  [1mSELECT "tasks".* FROM "tasks" WHERE "tasks"."kanban_board_id" = ? AND (current_status = 'to_verify')  ORDER BY "tasks"."position" ASC[0m  [["kanban_board_id", 1]]
  [1m[35mTask Load (0.1ms)[0m  SELECT "tasks".* FROM "tasks" WHERE "tasks"."kanban_board_id" = ? AND (current_status = 'done')  ORDER BY "tasks"."position" ASC  [["kanban_board_id", 1]]
  Rendered tasks/_modal.html.haml (4.9ms)
  Rendered text template (0.0ms)
  Rendered text template (0.0ms)
  Rendered kanban_boards/show.html.haml within layouts/application (24.7ms)
  Rendered shared/_navbar.html.haml (3.0ms)
Completed 200 OK in 96ms (Views: 93.7ms | ActiveRecord: 0.7ms)


Started GET "/" for ::1 at 2016-02-17 21:56:35 -0600
Processing by KanbanBoardsController#index as HTML
  [1m[36mKanbanBoard Load (0.2ms)[0m  [1mSELECT "kanban_boards".* FROM "kanban_boards" WHERE "kanban_boards"."public_visible" = 't'[0m
  Rendered kanban_boards/index.html.haml within layouts/application (1.3ms)
  Rendered shared/_navbar.html.haml (3.9ms)
Completed 200 OK in 74ms (Views: 73.3ms | ActiveRecord: 0.2ms)


Started GET "/kanban_boards/new" for ::1 at 2016-02-17 21:56:38 -0600
Processing by KanbanBoardsController#new as HTML
  Rendered kanban_boards/_form.html.haml (1.4ms)
  Rendered kanban_boards/new.html.haml within layouts/application (1.9ms)
  Rendered shared/_navbar.html.haml (4.6ms)
Completed 200 OK in 137ms (Views: 136.9ms | ActiveRecord: 0.0ms)


Started POST "/kanban_boards" for ::1 at 2016-02-17 21:56:41 -0600
Processing by KanbanBoardsController#create as HTML
  Parameters: {"utf8"=>"✓", "authenticity_token"=>"nnBz39zIXW3h7tCm0g7+ERj2xZMRXoq7ExK/gUat+42ifGtoZU0QiRAT0m/F+GiAu63YWsQE6wX89sxHhA+F4w==", "kanban_board"=>{"title"=>"test", "description"=>"test"}, "commit"=>"Save changes"}
  [1m[35m (0.0ms)[0m  begin transaction
  [1m[36mSQL (0.2ms)[0m  [1mINSERT INTO "kanban_boards" ("title", "description", "created_at", "updated_at") VALUES (?, ?, ?, ?)[0m  [["title", "test"], ["description", "test"], ["created_at", "2016-02-18 03:56:41.989838"], ["updated_at", "2016-02-18 03:56:41.989838"]]
  [1m[35m (8.4ms)[0m  commit transaction
Redirected to http://localhost:3000/kanban_boards/2
Completed 302 Found in 11ms (ActiveRecord: 8.7ms)


Started GET "/kanban_boards/2" for ::1 at 2016-02-17 21:56:42 -0600
Processing by KanbanBoardsController#show as HTML
  Parameters: {"id"=>"2"}
  [1m[36mKanbanBoard Load (0.1ms)[0m  [1mSELECT  "kanban_boards".* FROM "kanban_boards" WHERE "kanban_boards"."id" = ? LIMIT 1[0m  [["id", 2]]
  [1m[35mTask Load (0.0ms)[0m  SELECT "tasks".* FROM "tasks" WHERE "tasks"."kanban_board_id" = ? AND (current_status = 'todo')  ORDER BY "tasks"."position" ASC  [["kanban_board_id", 2]]
  [1m[36mTask Load (0.0ms)[0m  [1mSELECT "tasks".* FROM "tasks" WHERE "tasks"."kanban_board_id" = ? AND (current_status = 'in_progress')  ORDER BY "tasks"."position" ASC[0m  [["kanban_board_id", 2]]
  [1m[35mTask Load (0.0ms)[0m  SELECT "tasks".* FROM "tasks" WHERE "tasks"."kanban_board_id" = ? AND (current_status = 'to_verify')  ORDER BY "tasks"."position" ASC  [["kanban_board_id", 2]]
  [1m[36mTask Load (0.0ms)[0m  [1mSELECT "tasks".* FROM "tasks" WHERE "tasks"."kanban_board_id" = ? AND (current_status = 'done')  ORDER BY "tasks"."position" ASC[0m  [["kanban_board_id", 2]]
  Rendered tasks/_modal.html.haml (1.4ms)
  Rendered text template (0.0ms)
  Rendered text template (0.0ms)
  Rendered kanban_boards/show.html.haml within layouts/application (4.4ms)
  Rendered shared/_navbar.html.haml (3.7ms)
Completed 200 OK in 72ms (Views: 71.6ms | ActiveRecord: 0.2ms)


Started GET "/" for ::1 at 2016-02-17 21:56:46 -0600
Processing by KanbanBoardsController#index as HTML
  [1m[35mKanbanBoard Load (0.1ms)[0m  SELECT "kanban_boards".* FROM "kanban_boards" WHERE "kanban_boards"."public_visible" = 't'
  Rendered kanban_boards/index.html.haml within layouts/application (1.1ms)
  Rendered shared/_navbar.html.haml (4.1ms)
Completed 200 OK in 69ms (Views: 68.3ms | ActiveRecord: 0.1ms)


Started GET "/users/sign_up" for ::1 at 2016-02-17 21:56:49 -0600
Processing by Devise::RegistrationsController#new as HTML
  Rendered devise/shared/_links.html.haml (2.7ms)
  Rendered devise/registrations/new.html.haml within layouts/application (7.7ms)
  Rendered shared/_navbar.html.haml (2.9ms)
Completed 200 OK in 79ms (Views: 74.0ms | ActiveRecord: 0.2ms)


Started POST "/users" for ::1 at 2016-02-17 21:56:58 -0600
Processing by Devise::RegistrationsController#create as HTML
  Parameters: {"utf8"=>"✓", "authenticity_token"=>"BoC2pCxxdwfsHBzQAQ8pVXBV9vJxBaNRHkX5SQ04iJ86jK4TlfQ64x3hHhkW+b/E0w7rO6Rfwu/xoYqPz5r28Q==", "user"=>{"email"=>"nick.wichert@icloud.com", "password"=>"[FILTERED]", "password_confirmation"=>"[FILTERED]"}, "commit"=>"Sign up"}
  [1m[36m (0.1ms)[0m  [1mbegin transaction[0m
  [1m[35mUser Exists (0.1ms)[0m  SELECT  1 AS one FROM "users" WHERE "users"."email" = 'nick.wichert@icloud.com' LIMIT 1
  [1m[36mSQL (0.2ms)[0m  [1mINSERT INTO "users" ("email", "encrypted_password", "created_at", "updated_at") VALUES (?, ?, ?, ?)[0m  [["email", "nick.wichert@icloud.com"], ["encrypted_password", "$2a$10$Xxl5FvaFfFCunubv/ESpZuniQEN8IqiVgkQCf7iCyypgZvRfsVkBy"], ["created_at", "2016-02-18 03:56:58.609820"], ["updated_at", "2016-02-18 03:56:58.609820"]]
  [1m[35m (0.6ms)[0m  commit transaction
  [1m[36m (0.0ms)[0m  [1mbegin transaction[0m
  [1m[35mSQL (0.2ms)[0m  UPDATE "users" SET "last_sign_in_at" = ?, "current_sign_in_at" = ?, "last_sign_in_ip" = ?, "current_sign_in_ip" = ?, "sign_in_count" = ?, "updated_at" = ? WHERE "users"."id" = ?  [["last_sign_in_at", "2016-02-18 03:56:58.611938"], ["current_sign_in_at", "2016-02-18 03:56:58.611938"], ["last_sign_in_ip", "::1"], ["current_sign_in_ip", "::1"], ["sign_in_count", 1], ["updated_at", "2016-02-18 03:56:58.612544"], ["id", 1]]
  [1m[36m (0.6ms)[0m  [1mcommit transaction[0m
Redirected to http://localhost:3000/
Completed 302 Found in 83ms (ActiveRecord: 1.8ms)


Started GET "/" for ::1 at 2016-02-17 21:56:58 -0600
Processing by KanbanBoardsController#index as HTML
  [1m[35mUser Load (0.2ms)[0m  SELECT  "users".* FROM "users" WHERE "users"."id" = ?  ORDER BY "users"."id" ASC LIMIT 1  [["id", 1]]
  [1m[36mKanbanBoard Load (0.1ms)[0m  [1mSELECT "kanban_boards".* FROM "kanban_boards"[0m
  Rendered kanban_boards/index.html.haml within layouts/application (1.1ms)
  Rendered shared/_navbar.html.haml (1.0ms)
Completed 200 OK in 69ms (Views: 67.5ms | ActiveRecord: 0.2ms)


Started GET "/kanban_boards/new" for ::1 at 2016-02-17 21:57:00 -0600
Processing by KanbanBoardsController#new as HTML
  [1m[35mUser Load (0.1ms)[0m  SELECT  "users".* FROM "users" WHERE "users"."id" = ?  ORDER BY "users"."id" ASC LIMIT 1  [["id", 1]]
  Rendered kanban_boards/_form.html.haml (11.3ms)
  Rendered kanban_boards/new.html.haml within layouts/application (11.8ms)
  Rendered shared/_navbar.html.haml (0.7ms)
Completed 200 OK in 150ms (Views: 149.6ms | ActiveRecord: 0.1ms)


Started POST "/kanban_boards" for ::1 at 2016-02-17 21:57:08 -0600
Processing by KanbanBoardsController#create as HTML
  Parameters: {"utf8"=>"✓", "authenticity_token"=>"tLRf7mgMct1EzkMWssmgMuAR2GcyKFCjw7h/CYbyjQ+IuEdZ0Yk/ObUzQd+lPzajQ0rFrudyMR0sXAzPRFDzYQ==", "kanban_board"=>{"title"=>"test3", "description"=>"3test", "public_visible"=>"0"}, "commit"=>"Save changes"}
  [1m[36m (0.0ms)[0m  [1mbegin transaction[0m
  [1m[35mSQL (0.2ms)[0m  INSERT INTO "kanban_boards" ("title", "description", "public_visible", "created_at", "updated_at") VALUES (?, ?, ?, ?, ?)  [["title", "test3"], ["description", "3test"], ["public_visible", "f"], ["created_at", "2016-02-18 03:57:08.200731"], ["updated_at", "2016-02-18 03:57:08.200731"]]
  [1m[36m (8.4ms)[0m  [1mcommit transaction[0m
Redirected to http://localhost:3000/kanban_boards/3
Completed 302 Found in 11ms (ActiveRecord: 8.7ms)


Started GET "/kanban_boards/3" for ::1 at 2016-02-17 21:57:08 -0600
Processing by KanbanBoardsController#show as HTML
  Parameters: {"id"=>"3"}
  [1m[35mKanbanBoard Load (0.1ms)[0m  SELECT  "kanban_boards".* FROM "kanban_boards" WHERE "kanban_boards"."id" = ? LIMIT 1  [["id", 3]]
  [1m[36mTask Load (0.0ms)[0m  [1mSELECT "tasks".* FROM "tasks" WHERE "tasks"."kanban_board_id" = ? AND (current_status = 'todo')  ORDER BY "tasks"."position" ASC[0m  [["kanban_board_id", 3]]
  [1m[35mTask Load (0.0ms)[0m  SELECT "tasks".* FROM "tasks" WHERE "tasks"."kanban_board_id" = ? AND (current_status = 'in_progress')  ORDER BY "tasks"."position" ASC  [["kanban_board_id", 3]]
  [1m[36mTask Load (0.0ms)[0m  [1mSELECT "tasks".* FROM "tasks" WHERE "tasks"."kanban_board_id" = ? AND (current_status = 'to_verify')  ORDER BY "tasks"."position" ASC[0m  [["kanban_board_id", 3]]
  [1m[35mTask Load (0.0ms)[0m  SELECT "tasks".* FROM "tasks" WHERE "tasks"."kanban_board_id" = ? AND (current_status = 'done')  ORDER BY "tasks"."position" ASC  [["kanban_board_id", 3]]
  Rendered tasks/_modal.html.haml (1.5ms)
  Rendered text template (0.0ms)
  Rendered text template (0.0ms)
  Rendered kanban_boards/show.html.haml within layouts/application (4.8ms)
  [1m[36mUser Load (0.1ms)[0m  [1mSELECT  "users".* FROM "users" WHERE "users"."id" = ?  ORDER BY "users"."id" ASC LIMIT 1[0m  [["id", 1]]
  Rendered shared/_navbar.html.haml (1.7ms)
Completed 200 OK in 80ms (Views: 79.4ms | ActiveRecord: 0.3ms)


Started GET "/" for ::1 at 2016-02-17 21:57:10 -0600
Processing by KanbanBoardsController#index as HTML
  [1m[35mUser Load (0.1ms)[0m  SELECT  "users".* FROM "users" WHERE "users"."id" = ?  ORDER BY "users"."id" ASC LIMIT 1  [["id", 1]]
  [1m[36mKanbanBoard Load (0.1ms)[0m  [1mSELECT "kanban_boards".* FROM "kanban_boards"[0m
  Rendered kanban_boards/index.html.haml within layouts/application (1.3ms)
  Rendered shared/_navbar.html.haml (0.7ms)
Completed 200 OK in 73ms (Views: 71.9ms | ActiveRecord: 0.2ms)


Started DELETE "/users/sign_out" for ::1 at 2016-02-17 21:57:13 -0600
Processing by Devise::SessionsController#destroy as HTML
  Parameters: {"authenticity_token"=>"r+Rfem0KbidZM3N2UKJRYOAZ3HkCfJjYbAf2r2siuSyT6EfN1I8jw6jOcb9HVMfxQ0LBsNcm+WaD44VpqYDHQg=="}
  [1m[35mUser Load (0.1ms)[0m  SELECT  "users".* FROM "users" WHERE "users"."id" = ?  ORDER BY "users"."id" ASC LIMIT 1  [["id", 1]]
  [1m[36m (0.1ms)[0m  [1mbegin transaction[0m
  [1m[35m (0.0ms)[0m  commit transaction
Redirected to http://localhost:3000/
Completed 302 Found in 4ms (ActiveRecord: 0.2ms)


Started GET "/" for ::1 at 2016-02-17 21:57:13 -0600
Processing by KanbanBoardsController#index as HTML
  [1m[36mKanbanBoard Load (0.1ms)[0m  [1mSELECT "kanban_boards".* FROM "kanban_boards" WHERE "kanban_boards"."public_visible" = 't'[0m
  Rendered kanban_boards/index.html.haml within layouts/application (1.1ms)
  Rendered shared/_navbar.html.haml (4.0ms)
Completed 200 OK in 68ms (Views: 67.4ms | ActiveRecord: 0.1ms)


Started POST "/users/sign_in" for ::1 at 2016-02-17 21:57:30 -0600
Processing by Devise::SessionsController#create as HTML
  Parameters: {"utf8"=>"✓", "authenticity_token"=>"xIHsF6bZ8GtYJQSVxfrlXnLuRf2yiCPPwEs6o12QtuQdQv8IlkSLebsdrBJj3Eckm76Eas9h0gWs1qp0hgN5ow==", "user"=>{"email"=>"nick.wichert@icloud.com", "password"=>"[FILTERED]"}, "commit"=>"Sign in"}
  [1m[35mUser Load (0.1ms)[0m  SELECT  "users".* FROM "users" WHERE "users"."email" = ?  ORDER BY "users"."id" ASC LIMIT 1  [["email", "nick.wichert@icloud.com"]]
  [1m[36m (0.1ms)[0m  [1mbegin transaction[0m
  [1m[35mSQL (0.2ms)[0m  UPDATE "users" SET "current_sign_in_at" = ?, "sign_in_count" = ?, "updated_at" = ? WHERE "users"."id" = ?  [["current_sign_in_at", "2016-02-18 03:57:30.358610"], ["sign_in_count", 2], ["updated_at", "2016-02-18 03:57:30.359676"], ["id", 1]]
  [1m[36m (0.6ms)[0m  [1mcommit transaction[0m
Redirected to http://localhost:3000/
Completed 302 Found in 69ms (ActiveRecord: 1.0ms)


Started GET "/" for ::1 at 2016-02-17 21:57:30 -0600
Processing by KanbanBoardsController#index as HTML
  [1m[35mUser Load (0.1ms)[0m  SELECT  "users".* FROM "users" WHERE "users"."id" = ?  ORDER BY "users"."id" ASC LIMIT 1  [["id", 1]]
  [1m[36mKanbanBoard Load (0.1ms)[0m  [1mSELECT "kanban_boards".* FROM "kanban_boards"[0m
  Rendered kanban_boards/index.html.haml within layouts/application (1.6ms)
  Rendered shared/_navbar.html.haml (0.6ms)
Completed 200 OK in 66ms (Views: 65.0ms | ActiveRecord: 0.2ms)


Started GET "/" for ::1 at 2016-02-17 22:24:11 -0600
  [1m[36mActiveRecord::SchemaMigration Load (0.1ms)[0m  [1mSELECT "schema_migrations".* FROM "schema_migrations"[0m
Processing by KanbanBoardsController#index as HTML
  [1m[35mUser Load (0.2ms)[0m  SELECT  "users".* FROM "users" WHERE "users"."id" = ?  ORDER BY "users"."id" ASC LIMIT 1  [["id", 1]]
  [1m[36mKanbanBoard Load (0.2ms)[0m  [1mSELECT "kanban_boards".* FROM "kanban_boards"[0m
  Rendered kanban_boards/index.html.erb within layouts/application (5.0ms)
  Rendered shared/_navbar.html.erb (1.4ms)
Completed 200 OK in 377ms (Views: 357.9ms | ActiveRecord: 0.7ms)


Started GET "/kanban_boards/2" for ::1 at 2016-02-17 22:28:36 -0600
Processing by KanbanBoardsController#show as HTML
  Parameters: {"id"=>"2"}
  [1m[35mKanbanBoard Load (0.1ms)[0m  SELECT  "kanban_boards".* FROM "kanban_boards" WHERE "kanban_boards"."id" = ? LIMIT 1  [["id", 2]]
  [1m[36mTask Load (0.1ms)[0m  [1mSELECT "tasks".* FROM "tasks" WHERE "tasks"."kanban_board_id" = ? AND (current_status = 'todo')  ORDER BY "tasks"."position" ASC[0m  [["kanban_board_id", 2]]
  [1m[35mTask Load (0.1ms)[0m  SELECT "tasks".* FROM "tasks" WHERE "tasks"."kanban_board_id" = ? AND (current_status = 'in_progress')  ORDER BY "tasks"."position" ASC  [["kanban_board_id", 2]]
  [1m[36mTask Load (0.1ms)[0m  [1mSELECT "tasks".* FROM "tasks" WHERE "tasks"."kanban_board_id" = ? AND (current_status = 'to_verify')  ORDER BY "tasks"."position" ASC[0m  [["kanban_board_id", 2]]
  [1m[35mTask Load (0.1ms)[0m  SELECT "tasks".* FROM "tasks" WHERE "tasks"."kanban_board_id" = ? AND (current_status = 'done')  ORDER BY "tasks"."position" ASC  [["kanban_board_id", 2]]
  Rendered tasks/_modal.html.erb (0.8ms)
  Rendered kanban_boards/show.html.erb within layouts/application (25.0ms)
Completed 500 Internal Server Error in 28ms

SyntaxError (/Users/nwichert/Desktop/kanbanboard/app/views/tasks/_modal.html.erb:28: syntax error, unexpected ')', expecting '}'
...er.append=( {toggle:"buttons" );@output_buffer.safe_append='...
...                               ^
/Users/nwichert/Desktop/kanbanboard/app/views/tasks/_modal.html.erb:49: syntax error, unexpected keyword_ensure, expecting ')'
/Users/nwichert/Desktop/kanbanboard/app/views/tasks/_modal.html.erb:51: syntax error, unexpected keyword_end, expecting ')'):
  app/views/tasks/_modal.html.erb:28: syntax error, unexpected ')', expecting '}'
  app/views/tasks/_modal.html.erb:49: syntax error, unexpected keyword_ensure, expecting ')'
  app/views/tasks/_modal.html.erb:51: syntax error, unexpected keyword_end, expecting ')'
  app/views/kanban_boards/show.html.erb:42:in `_app_views_kanban_boards_show_html_erb__678093750163052577_70204656192120'


  Rendered /Users/nwichert/.rvm/gems/ruby-2.1.5/gems/actionpack-4.2.0/lib/action_dispatch/middleware/templates/rescues/_source.erb (4.5ms)
  Rendered /Users/nwichert/.rvm/gems/ruby-2.1.5/gems/actionpack-4.2.0/lib/action_dispatch/middleware/templates/rescues/_trace.html.erb (2.0ms)
  Rendered /Users/nwichert/.rvm/gems/ruby-2.1.5/gems/actionpack-4.2.0/lib/action_dispatch/middleware/templates/rescues/_request_and_response.html.erb (0.7ms)
  Rendered /Users/nwichert/.rvm/gems/ruby-2.1.5/gems/actionpack-4.2.0/lib/action_dispatch/middleware/templates/rescues/diagnostics.html.erb within rescues/layout (18.3ms)
  Rendered /Users/nwichert/.rvm/gems/ruby-2.1.5/gems/web-console-2.2.1/lib/web_console/templates/_markup.html.erb (0.3ms)
  Rendered /Users/nwichert/.rvm/gems/ruby-2.1.5/gems/web-console-2.2.1/lib/web_console/templates/_inner_console_markup.html.erb within layouts/inlined_string (0.2ms)
  Rendered /Users/nwichert/.rvm/gems/ruby-2.1.5/gems/web-console-2.2.1/lib/web_console/templates/_prompt_box_markup.html.erb within layouts/inlined_string (0.2ms)
  Rendered /Users/nwichert/.rvm/gems/ruby-2.1.5/gems/web-console-2.2.1/lib/web_console/templates/style.css.erb within layouts/inlined_string (0.2ms)
  Rendered /Users/nwichert/.rvm/gems/ruby-2.1.5/gems/web-console-2.2.1/lib/web_console/templates/console.js.erb within layouts/javascript (11.9ms)
  Rendered /Users/nwichert/.rvm/gems/ruby-2.1.5/gems/web-console-2.2.1/lib/web_console/templates/main.js.erb within layouts/javascript (0.3ms)
  Rendered /Users/nwichert/.rvm/gems/ruby-2.1.5/gems/web-console-2.2.1/lib/web_console/templates/error_page.js.erb within layouts/javascript (0.3ms)
  Rendered /Users/nwichert/.rvm/gems/ruby-2.1.5/gems/web-console-2.2.1/lib/web_console/templates/index.html.erb (27.3ms)


Started GET "/kanban_boards/2" for ::1 at 2016-02-17 22:29:11 -0600
Processing by KanbanBoardsController#show as HTML
  Parameters: {"id"=>"2"}
  [1m[36mKanbanBoard Load (0.1ms)[0m  [1mSELECT  "kanban_boards".* FROM "kanban_boards" WHERE "kanban_boards"."id" = ? LIMIT 1[0m  [["id", 2]]
  [1m[35mTask Load (0.0ms)[0m  SELECT "tasks".* FROM "tasks" WHERE "tasks"."kanban_board_id" = ? AND (current_status = 'todo')  ORDER BY "tasks"."position" ASC  [["kanban_board_id", 2]]
  [1m[36mTask Load (0.1ms)[0m  [1mSELECT "tasks".* FROM "tasks" WHERE "tasks"."kanban_board_id" = ? AND (current_status = 'in_progress')  ORDER BY "tasks"."position" ASC[0m  [["kanban_board_id", 2]]
  [1m[35mTask Load (0.0ms)[0m  SELECT "tasks".* FROM "tasks" WHERE "tasks"."kanban_board_id" = ? AND (current_status = 'to_verify')  ORDER BY "tasks"."position" ASC  [["kanban_board_id", 2]]
  [1m[36mTask Load (0.0ms)[0m  [1mSELECT "tasks".* FROM "tasks" WHERE "tasks"."kanban_board_id" = ? AND (current_status = 'done')  ORDER BY "tasks"."position" ASC[0m  [["kanban_board_id", 2]]
  Rendered tasks/_modal.html.erb (0.7ms)
  Rendered kanban_boards/show.html.erb within layouts/application (3.6ms)
Completed 500 Internal Server Error in 5ms

SyntaxError (/Users/nwichert/Desktop/kanbanboard/app/views/tasks/_modal.html.erb:28: syntax error, unexpected ')', expecting '}'
...er.append=( {toggle:"buttons" );@output_buffer.safe_append='...
...                               ^
/Users/nwichert/Desktop/kanbanboard/app/views/tasks/_modal.html.erb:49: syntax error, unexpected keyword_ensure, expecting ')'
/Users/nwichert/Desktop/kanbanboard/app/views/tasks/_modal.html.erb:51: syntax error, unexpected keyword_end, expecting ')'):
  app/views/tasks/_modal.html.erb:28: syntax error, unexpected ')', expecting '}'
  app/views/tasks/_modal.html.erb:49: syntax error, unexpected keyword_ensure, expecting ')'
  app/views/tasks/_modal.html.erb:51: syntax error, unexpected keyword_end, expecting ')'
  app/views/kanban_boards/show.html.erb:42:in `_app_views_kanban_boards_show_html_erb__678093750163052577_70204656192120'


  Rendered /Users/nwichert/.rvm/gems/ruby-2.1.5/gems/actionpack-4.2.0/lib/action_dispatch/middleware/templates/rescues/_source.erb (5.1ms)
  Rendered /Users/nwichert/.rvm/gems/ruby-2.1.5/gems/actionpack-4.2.0/lib/action_dispatch/middleware/templates/rescues/_trace.html.erb (2.0ms)
  Rendered /Users/nwichert/.rvm/gems/ruby-2.1.5/gems/actionpack-4.2.0/lib/action_dispatch/middleware/templates/rescues/_request_and_response.html.erb (0.8ms)
  Rendered /Users/nwichert/.rvm/gems/ruby-2.1.5/gems/actionpack-4.2.0/lib/action_dispatch/middleware/templates/rescues/diagnostics.html.erb within rescues/layout (17.1ms)
  Rendered /Users/nwichert/.rvm/gems/ruby-2.1.5/gems/web-console-2.2.1/lib/web_console/templates/_markup.html.erb (0.2ms)
  Rendered /Users/nwichert/.rvm/gems/ruby-2.1.5/gems/web-console-2.2.1/lib/web_console/templates/_inner_console_markup.html.erb within layouts/inlined_string (0.2ms)
  Rendered /Users/nwichert/.rvm/gems/ruby-2.1.5/gems/web-console-2.2.1/lib/web_console/templates/_prompt_box_markup.html.erb within layouts/inlined_string (0.1ms)
  Rendered /Users/nwichert/.rvm/gems/ruby-2.1.5/gems/web-console-2.2.1/lib/web_console/templates/style.css.erb within layouts/inlined_string (0.2ms)
  Rendered /Users/nwichert/.rvm/gems/ruby-2.1.5/gems/web-console-2.2.1/lib/web_console/templates/console.js.erb within layouts/javascript (17.0ms)
  Rendered /Users/nwichert/.rvm/gems/ruby-2.1.5/gems/web-console-2.2.1/lib/web_console/templates/main.js.erb within layouts/javascript (0.3ms)
  Rendered /Users/nwichert/.rvm/gems/ruby-2.1.5/gems/web-console-2.2.1/lib/web_console/templates/error_page.js.erb within layouts/javascript (0.3ms)
  Rendered /Users/nwichert/.rvm/gems/ruby-2.1.5/gems/web-console-2.2.1/lib/web_console/templates/index.html.erb (29.5ms)


Started GET "/kanban_boards/2" for ::1 at 2016-02-17 22:29:13 -0600
Processing by KanbanBoardsController#show as HTML
  Parameters: {"id"=>"2"}
  [1m[35mKanbanBoard Load (0.1ms)[0m  SELECT  "kanban_boards".* FROM "kanban_boards" WHERE "kanban_boards"."id" = ? LIMIT 1  [["id", 2]]
  [1m[36mTask Load (0.1ms)[0m  [1mSELECT "tasks".* FROM "tasks" WHERE "tasks"."kanban_board_id" = ? AND (current_status = 'todo')  ORDER BY "tasks"."position" ASC[0m  [["kanban_board_id", 2]]
  [1m[35mTask Load (0.1ms)[0m  SELECT "tasks".* FROM "tasks" WHERE "tasks"."kanban_board_id" = ? AND (current_status = 'in_progress')  ORDER BY "tasks"."position" ASC  [["kanban_board_id", 2]]
  [1m[36mTask Load (0.0ms)[0m  [1mSELECT "tasks".* FROM "tasks" WHERE "tasks"."kanban_board_id" = ? AND (current_status = 'to_verify')  ORDER BY "tasks"."position" ASC[0m  [["kanban_board_id", 2]]
  [1m[35mTask Load (0.0ms)[0m  SELECT "tasks".* FROM "tasks" WHERE "tasks"."kanban_board_id" = ? AND (current_status = 'done')  ORDER BY "tasks"."position" ASC  [["kanban_board_id", 2]]
  Rendered tasks/_modal.html.erb (1.7ms)
  Rendered kanban_boards/show.html.erb within layouts/application (4.3ms)
Completed 500 Internal Server Error in 6ms

SyntaxError (/Users/nwichert/Desktop/kanbanboard/app/views/tasks/_modal.html.erb:28: syntax error, unexpected ')', expecting '}'
...er.append=( {toggle:"buttons" );@output_buffer.safe_append='...
...                               ^
/Users/nwichert/Desktop/kanbanboard/app/views/tasks/_modal.html.erb:49: syntax error, unexpected keyword_ensure, expecting ')'
/Users/nwichert/Desktop/kanbanboard/app/views/tasks/_modal.html.erb:51: syntax error, unexpected keyword_end, expecting ')'):
  app/views/tasks/_modal.html.erb:28: syntax error, unexpected ')', expecting '}'
  app/views/tasks/_modal.html.erb:49: syntax error, unexpected keyword_ensure, expecting ')'
  app/views/tasks/_modal.html.erb:51: syntax error, unexpected keyword_end, expecting ')'
  app/views/kanban_boards/show.html.erb:42:in `_app_views_kanban_boards_show_html_erb__678093750163052577_70204656192120'


  Rendered /Users/nwichert/.rvm/gems/ruby-2.1.5/gems/actionpack-4.2.0/lib/action_dispatch/middleware/templates/rescues/_source.erb (4.9ms)
  Rendered /Users/nwichert/.rvm/gems/ruby-2.1.5/gems/actionpack-4.2.0/lib/action_dispatch/middleware/templates/rescues/_trace.html.erb (2.2ms)
  Rendered /Users/nwichert/.rvm/gems/ruby-2.1.5/gems/actionpack-4.2.0/lib/action_dispatch/middleware/templates/rescues/_request_and_response.html.erb (0.8ms)
  Rendered /Users/nwichert/.rvm/gems/ruby-2.1.5/gems/actionpack-4.2.0/lib/action_dispatch/middleware/templates/rescues/diagnostics.html.erb within rescues/layout (16.4ms)
  Rendered /Users/nwichert/.rvm/gems/ruby-2.1.5/gems/web-console-2.2.1/lib/web_console/templates/_markup.html.erb (0.2ms)
  Rendered /Users/nwichert/.rvm/gems/ruby-2.1.5/gems/web-console-2.2.1/lib/web_console/templates/_inner_console_markup.html.erb within layouts/inlined_string (0.2ms)
  Rendered /Users/nwichert/.rvm/gems/ruby-2.1.5/gems/web-console-2.2.1/lib/web_console/templates/_prompt_box_markup.html.erb within layouts/inlined_string (0.2ms)
  Rendered /Users/nwichert/.rvm/gems/ruby-2.1.5/gems/web-console-2.2.1/lib/web_console/templates/style.css.erb within layouts/inlined_string (0.2ms)
  Rendered /Users/nwichert/.rvm/gems/ruby-2.1.5/gems/web-console-2.2.1/lib/web_console/templates/console.js.erb within layouts/javascript (9.8ms)
  Rendered /Users/nwichert/.rvm/gems/ruby-2.1.5/gems/web-console-2.2.1/lib/web_console/templates/main.js.erb within layouts/javascript (0.1ms)
  Rendered /Users/nwichert/.rvm/gems/ruby-2.1.5/gems/web-console-2.2.1/lib/web_console/templates/error_page.js.erb within layouts/javascript (0.2ms)
  Rendered /Users/nwichert/.rvm/gems/ruby-2.1.5/gems/web-console-2.2.1/lib/web_console/templates/index.html.erb (20.8ms)


Started GET "/kanban_boards/1/edit" for ::1 at 2016-02-17 22:29:52 -0600
Processing by KanbanBoardsController#edit as HTML
  Parameters: {"id"=>"1"}
  [1m[36mKanbanBoard Load (0.1ms)[0m  [1mSELECT  "kanban_boards".* FROM "kanban_boards" WHERE "kanban_boards"."id" = ? LIMIT 1[0m  [["id", 1]]
  Rendered kanban_boards/edit.html.erb within layouts/application (0.6ms)
Completed 500 Internal Server Error in 2ms

SyntaxError (/Users/nwichert/Desktop/kanbanboard/app/views/kanban_boards/edit.html.erb:5: syntax error, unexpected keyword_ensure, expecting end-of-input):
  app/views/kanban_boards/edit.html.erb:5: syntax error, unexpected keyword_ensure, expecting end-of-input


  Rendered /Users/nwichert/.rvm/gems/ruby-2.1.5/gems/actionpack-4.2.0/lib/action_dispatch/middleware/templates/rescues/_source.erb (4.5ms)
  Rendered /Users/nwichert/.rvm/gems/ruby-2.1.5/gems/actionpack-4.2.0/lib/action_dispatch/middleware/templates/rescues/_trace.html.erb (1.6ms)
  Rendered /Users/nwichert/.rvm/gems/ruby-2.1.5/gems/actionpack-4.2.0/lib/action_dispatch/middleware/templates/rescues/_request_and_response.html.erb (0.7ms)
  Rendered /Users/nwichert/.rvm/gems/ruby-2.1.5/gems/actionpack-4.2.0/lib/action_dispatch/middleware/templates/rescues/diagnostics.html.erb within rescues/layout (15.4ms)
  Rendered /Users/nwichert/.rvm/gems/ruby-2.1.5/gems/web-console-2.2.1/lib/web_console/templates/_markup.html.erb (0.3ms)
  Rendered /Users/nwichert/.rvm/gems/ruby-2.1.5/gems/web-console-2.2.1/lib/web_console/templates/_inner_console_markup.html.erb within layouts/inlined_string (0.2ms)
  Rendered /Users/nwichert/.rvm/gems/ruby-2.1.5/gems/web-console-2.2.1/lib/web_console/templates/_prompt_box_markup.html.erb within layouts/inlined_string (0.2ms)
  Rendered /Users/nwichert/.rvm/gems/ruby-2.1.5/gems/web-console-2.2.1/lib/web_console/templates/style.css.erb within layouts/inlined_string (0.2ms)
  Rendered /Users/nwichert/.rvm/gems/ruby-2.1.5/gems/web-console-2.2.1/lib/web_console/templates/console.js.erb within layouts/javascript (10.7ms)
  Rendered /Users/nwichert/.rvm/gems/ruby-2.1.5/gems/web-console-2.2.1/lib/web_console/templates/main.js.erb within layouts/javascript (0.3ms)
  Rendered /Users/nwichert/.rvm/gems/ruby-2.1.5/gems/web-console-2.2.1/lib/web_console/templates/error_page.js.erb within layouts/javascript (0.3ms)
  Rendered /Users/nwichert/.rvm/gems/ruby-2.1.5/gems/web-console-2.2.1/lib/web_console/templates/index.html.erb (30.9ms)


Started DELETE "/kanban_boards/2" for ::1 at 2016-02-17 22:30:15 -0600
Processing by KanbanBoardsController#destroy as HTML
  Parameters: {"authenticity_token"=>"clIsueFF6/lwvnDpW5za3vTinYaKDOCn8TRaDr6gh1ghgnbQr1hpijnGoD/tg93WQkEFFf5QKFbdsM/LyNnVMw==", "id"=>"2"}
  [1m[35mKanbanBoard Load (0.1ms)[0m  SELECT  "kanban_boards".* FROM "kanban_boards" WHERE "kanban_boards"."id" = ? LIMIT 1  [["id", 2]]
  [1m[36m (0.0ms)[0m  [1mbegin transaction[0m
  [1m[35mSQL (0.2ms)[0m  DELETE FROM "kanban_boards" WHERE "kanban_boards"."id" = ?  [["id", 2]]
  [1m[36m (8.0ms)[0m  [1mcommit transaction[0m
Redirected to http://localhost:3000/kanban_boards
Completed 302 Found in 10ms (ActiveRecord: 8.4ms)


Started GET "/kanban_boards" for ::1 at 2016-02-17 22:30:15 -0600
Processing by KanbanBoardsController#index as HTML
  [1m[35mUser Load (0.1ms)[0m  SELECT  "users".* FROM "users" WHERE "users"."id" = ?  ORDER BY "users"."id" ASC LIMIT 1  [["id", 1]]
  [1m[36mKanbanBoard Load (0.1ms)[0m  [1mSELECT "kanban_boards".* FROM "kanban_boards"[0m
  Rendered kanban_boards/index.html.erb within layouts/application (0.9ms)
  Rendered shared/_navbar.html.erb (0.5ms)
Completed 200 OK in 71ms (Views: 69.4ms | ActiveRecord: 0.2ms)


Started GET "/kanban_boards/1" for ::1 at 2016-02-17 22:30:18 -0600
Processing by KanbanBoardsController#show as HTML
  Parameters: {"id"=>"1"}
  [1m[35mKanbanBoard Load (0.1ms)[0m  SELECT  "kanban_boards".* FROM "kanban_boards" WHERE "kanban_boards"."id" = ? LIMIT 1  [["id", 1]]
  [1m[36mTask Load (0.0ms)[0m  [1mSELECT "tasks".* FROM "tasks" WHERE "tasks"."kanban_board_id" = ? AND (current_status = 'todo')  ORDER BY "tasks"."position" ASC[0m  [["kanban_board_id", 1]]
  [1m[35mTask Load (0.1ms)[0m  SELECT "tasks".* FROM "tasks" WHERE "tasks"."kanban_board_id" = ? AND (current_status = 'in_progress')  ORDER BY "tasks"."position" ASC  [["kanban_board_id", 1]]
  [1m[36mTask Load (0.0ms)[0m  [1mSELECT "tasks".* FROM "tasks" WHERE "tasks"."kanban_board_id" = ? AND (current_status = 'to_verify')  ORDER BY "tasks"."position" ASC[0m  [["kanban_board_id", 1]]
  [1m[35mTask Load (0.0ms)[0m  SELECT "tasks".* FROM "tasks" WHERE "tasks"."kanban_board_id" = ? AND (current_status = 'done')  ORDER BY "tasks"."position" ASC  [["kanban_board_id", 1]]
  Rendered tasks/_modal.html.erb (0.8ms)
  Rendered kanban_boards/show.html.erb within layouts/application (3.1ms)
Completed 500 Internal Server Error in 5ms

SyntaxError (/Users/nwichert/Desktop/kanbanboard/app/views/tasks/_modal.html.erb:28: syntax error, unexpected ')', expecting '}'
...er.append=( {toggle:"buttons" );@output_buffer.safe_append='...
...                               ^
/Users/nwichert/Desktop/kanbanboard/app/views/tasks/_modal.html.erb:49: syntax error, unexpected keyword_ensure, expecting ')'
/Users/nwichert/Desktop/kanbanboard/app/views/tasks/_modal.html.erb:51: syntax error, unexpected keyword_end, expecting ')'):
  app/views/tasks/_modal.html.erb:28: syntax error, unexpected ')', expecting '}'
  app/views/tasks/_modal.html.erb:49: syntax error, unexpected keyword_ensure, expecting ')'
  app/views/tasks/_modal.html.erb:51: syntax error, unexpected keyword_end, expecting ')'
  app/views/kanban_boards/show.html.erb:42:in `_app_views_kanban_boards_show_html_erb__678093750163052577_70204656192120'


  Rendered /Users/nwichert/.rvm/gems/ruby-2.1.5/gems/actionpack-4.2.0/lib/action_dispatch/middleware/templates/rescues/_source.erb (5.0ms)
  Rendered /Users/nwichert/.rvm/gems/ruby-2.1.5/gems/actionpack-4.2.0/lib/action_dispatch/middleware/templates/rescues/_trace.html.erb (2.2ms)
  Rendered /Users/nwichert/.rvm/gems/ruby-2.1.5/gems/actionpack-4.2.0/lib/action_dispatch/middleware/templates/rescues/_request_and_response.html.erb (0.8ms)
  Rendered /Users/nwichert/.rvm/gems/ruby-2.1.5/gems/actionpack-4.2.0/lib/action_dispatch/middleware/templates/rescues/diagnostics.html.erb within rescues/layout (16.5ms)
  Rendered /Users/nwichert/.rvm/gems/ruby-2.1.5/gems/web-console-2.2.1/lib/web_console/templates/_markup.html.erb (0.4ms)
  Rendered /Users/nwichert/.rvm/gems/ruby-2.1.5/gems/web-console-2.2.1/lib/web_console/templates/_inner_console_markup.html.erb within layouts/inlined_string (0.2ms)
  Rendered /Users/nwichert/.rvm/gems/ruby-2.1.5/gems/web-console-2.2.1/lib/web_console/templates/_prompt_box_markup.html.erb within layouts/inlined_string (0.1ms)
  Rendered /Users/nwichert/.rvm/gems/ruby-2.1.5/gems/web-console-2.2.1/lib/web_console/templates/style.css.erb within layouts/inlined_string (0.2ms)
  Rendered /Users/nwichert/.rvm/gems/ruby-2.1.5/gems/web-console-2.2.1/lib/web_console/templates/console.js.erb within layouts/javascript (10.2ms)
  Rendered /Users/nwichert/.rvm/gems/ruby-2.1.5/gems/web-console-2.2.1/lib/web_console/templates/main.js.erb within layouts/javascript (0.1ms)
  Rendered /Users/nwichert/.rvm/gems/ruby-2.1.5/gems/web-console-2.2.1/lib/web_console/templates/error_page.js.erb within layouts/javascript (0.6ms)
  Rendered /Users/nwichert/.rvm/gems/ruby-2.1.5/gems/web-console-2.2.1/lib/web_console/templates/index.html.erb (24.0ms)


Started GET "/kanban_boards/1/edit" for ::1 at 2016-02-17 22:30:21 -0600
Processing by KanbanBoardsController#edit as HTML
  Parameters: {"id"=>"1"}
  [1m[36mKanbanBoard Load (0.1ms)[0m  [1mSELECT  "kanban_boards".* FROM "kanban_boards" WHERE "kanban_boards"."id" = ? LIMIT 1[0m  [["id", 1]]
  Rendered kanban_boards/edit.html.erb within layouts/application (0.6ms)
Completed 500 Internal Server Error in 2ms

SyntaxError (/Users/nwichert/Desktop/kanbanboard/app/views/kanban_boards/edit.html.erb:5: syntax error, unexpected keyword_ensure, expecting end-of-input):
  app/views/kanban_boards/edit.html.erb:5: syntax error, unexpected keyword_ensure, expecting end-of-input


  Rendered /Users/nwichert/.rvm/gems/ruby-2.1.5/gems/actionpack-4.2.0/lib/action_dispatch/middleware/templates/rescues/_source.erb (4.6ms)
  Rendered /Users/nwichert/.rvm/gems/ruby-2.1.5/gems/actionpack-4.2.0/lib/action_dispatch/middleware/templates/rescues/_trace.html.erb (1.9ms)
  Rendered /Users/nwichert/.rvm/gems/ruby-2.1.5/gems/actionpack-4.2.0/lib/action_dispatch/middleware/templates/rescues/_request_and_response.html.erb (0.7ms)
  Rendered /Users/nwichert/.rvm/gems/ruby-2.1.5/gems/actionpack-4.2.0/lib/action_dispatch/middleware/templates/rescues/diagnostics.html.erb within rescues/layout (15.6ms)
  Rendered /Users/nwichert/.rvm/gems/ruby-2.1.5/gems/web-console-2.2.1/lib/web_console/templates/_markup.html.erb (0.2ms)
  Rendered /Users/nwichert/.rvm/gems/ruby-2.1.5/gems/web-console-2.2.1/lib/web_console/templates/_inner_console_markup.html.erb within layouts/inlined_string (0.2ms)
  Rendered /Users/nwichert/.rvm/gems/ruby-2.1.5/gems/web-console-2.2.1/lib/web_console/templates/_prompt_box_markup.html.erb within layouts/inlined_string (0.2ms)
  Rendered /Users/nwichert/.rvm/gems/ruby-2.1.5/gems/web-console-2.2.1/lib/web_console/templates/style.css.erb within layouts/inlined_string (0.2ms)
  Rendered /Users/nwichert/.rvm/gems/ruby-2.1.5/gems/web-console-2.2.1/lib/web_console/templates/console.js.erb within layouts/javascript (10.2ms)
  Rendered /Users/nwichert/.rvm/gems/ruby-2.1.5/gems/web-console-2.2.1/lib/web_console/templates/main.js.erb within layouts/javascript (0.1ms)
  Rendered /Users/nwichert/.rvm/gems/ruby-2.1.5/gems/web-console-2.2.1/lib/web_console/templates/error_page.js.erb within layouts/javascript (0.2ms)
  Rendered /Users/nwichert/.rvm/gems/ruby-2.1.5/gems/web-console-2.2.1/lib/web_console/templates/index.html.erb (21.3ms)


Started GET "/kanban_boards/1/edit" for ::1 at 2016-02-17 22:34:00 -0600
Processing by KanbanBoardsController#edit as HTML
  Parameters: {"id"=>"1"}
  [1m[35mKanbanBoard Load (0.1ms)[0m  SELECT  "kanban_boards".* FROM "kanban_boards" WHERE "kanban_boards"."id" = ? LIMIT 1  [["id", 1]]
  [1m[36mUser Load (0.1ms)[0m  [1mSELECT  "users".* FROM "users" WHERE "users"."id" = ?  ORDER BY "users"."id" ASC LIMIT 1[0m  [["id", 1]]
  Rendered kanban_boards/_form.html.erb (15.8ms)
  Rendered kanban_boards/edit.html.erb within layouts/application (16.7ms)
  Rendered shared/_navbar.html.erb (0.6ms)
Completed 200 OK in 97ms (Views: 96.8ms | ActiveRecord: 0.1ms)


Started GET "/assets/bootstrap/button.self-d19f3e2bcd3a7a4d75c11b9141b3fabd2c11987da1e99c85548ec3ecf8db30c3.js?body=1" for ::1 at 2016-02-17 22:34:00 -0600


Started GET "/assets/bootstrap/alert.self-896ab026e6823f5cef2441e07dac53d0692a5b772ac58b1ce20aa624c342d3f4.js?body=1" for ::1 at 2016-02-17 22:34:00 -0600


Started GET "/assets/jquery.self-a714331225dda820228db323939889f149aec0127aeb06255646b616ba1ca419.js?body=1" for ::1 at 2016-02-17 22:34:00 -0600


Started GET "/assets/application.self-d88e4531a1c22051ce424c624f8c5279610f6c3bb5e8b3b2ea35c869cc273c92.css?body=1" for ::1 at 2016-02-17 22:34:00 -0600


Started GET "/assets/bootstrap/carousel.self-b2e5e14483e6c31343a83861b7d487620f143d6fc2d07d5ae7544b6b225ba6be.js?body=1" for ::1 at 2016-02-17 22:34:00 -0600


Started GET "/assets/bootstrap/affix.self-f7aef9d98ee5ece34a6a92a6a15bba777d93e8d908b75c95a85088277f394200.js?body=1" for ::1 at 2016-02-17 22:34:00 -0600


Started GET "/assets/bootstrap/collapse.self-93820e9b486e375a7fb4477602def3a6f8381fa6d50938d5378297ffbe4a1248.js?body=1" for ::1 at 2016-02-17 22:34:00 -0600


Started GET "/assets/bootstrap/dropdown.self-30536ae4d54b2685c26b5787ed0eb549a9075717fe690cce6270873bedf2df00.js?body=1" for ::1 at 2016-02-17 22:34:00 -0600


Started GET "/assets/bootstrap/tab.self-9b77df34cbbb08ec93a806d6cdb741f04e3dbf3389978a0679146f2d2987bc89.js?body=1" for ::1 at 2016-02-17 22:34:00 -0600


Started GET "/assets/bootstrap/transition.self-9616c4e856b57659b67da3c6f2adcd584b5601ef4bebcdadab8ebb387d80bb25.js?body=1" for ::1 at 2016-02-17 22:34:00 -0600


Started GET "/assets/bootstrap/scrollspy.self-c5c6ed008955656d345067e9821d79f1216b8383134d08465d4aa1a33a2b93b4.js?body=1" for ::1 at 2016-02-17 22:34:00 -0600


Started GET "/assets/bootstrap/modal.self-bcfe54f3132bf16a8c5ce4289e47eba488f6522a08f49f378a037061c6c7aa4c.js?body=1" for ::1 at 2016-02-17 22:34:00 -0600


Started GET "/assets/bootstrap/tooltip.self-3aa41fbe871573b34e0ebddf31598cd5a11a9841ca85f90934ea46326e46626d.js?body=1" for ::1 at 2016-02-17 22:34:00 -0600


Started GET "/assets/bootstrap/popover.self-b73e9c9111d01148e24bbc46e096782e024dc5db630e7078cf11ed2587ef8551.js?body=1" for ::1 at 2016-02-17 22:34:00 -0600


Started GET "/assets/bootstrap-sprockets.self-fbfa5ad7d9aa0afe439ec4ff3883acc4cb92b62cb67c40d674320c9aa1d4642d.js?body=1" for ::1 at 2016-02-17 22:34:00 -0600


Started GET "/assets/jquery_ujs.self-d456baa54c1fa6be2ec3711f0a72ddf7a5b2f34a6b4f515f33767d6207b7d4b3.js?body=1" for ::1 at 2016-02-17 22:34:00 -0600


Started GET "/assets/jquery-ui.min.self-518357cf89466bcc16cea31b9bff2434a7fb2823e88809afce1e89b86bbced5c.js?body=1" for ::1 at 2016-02-17 22:34:00 -0600


Started GET "/assets/kanban_boards.self-877aef30ae1b040ab8a3aba4e3e309a11d7f2612f44dde450b5c157aa5f95c05.js?body=1" for ::1 at 2016-02-17 22:34:00 -0600


Started GET "/assets/tasks.self-4bc5cd97fa3a08c5e079caa85f65c5c1106c0f24128ec033effe6030c41c6209.js?body=1" for ::1 at 2016-02-17 22:34:00 -0600


Started GET "/assets/application.self-3a3c8b61bda630ee689740ce7cbd0dd8ea6fdd45e2c42eef4661ab38cf268afe.js?body=1" for ::1 at 2016-02-17 22:34:00 -0600


Started GET "/assets/underscore-min.self-8c17561264389571750ac522c272868d7105cf5e3f8af4761d09489b631d177c.js?body=1" for ::1 at 2016-02-17 22:34:00 -0600


Started GET "/assets/font-awesome/fontawesome-webfont-3c4a1bb7ce3234407184f0d80cc4dec075e4ad616b44dcc5778e1cfb1bc24019.woff2" for ::1 at 2016-02-17 22:34:00 -0600


Started GET "/" for ::1 at 2016-02-17 22:34:08 -0600
Processing by KanbanBoardsController#index as HTML
  [1m[35mUser Load (0.1ms)[0m  SELECT  "users".* FROM "users" WHERE "users"."id" = ?  ORDER BY "users"."id" ASC LIMIT 1  [["id", 1]]
  [1m[36mKanbanBoard Load (0.1ms)[0m  [1mSELECT "kanban_boards".* FROM "kanban_boards"[0m
  Rendered kanban_boards/index.html.erb within layouts/application (1.0ms)
  Rendered shared/_navbar.html.erb (0.5ms)
Completed 200 OK in 80ms (Views: 78.3ms | ActiveRecord: 0.2ms)


Started GET "/kanban_boards/1" for ::1 at 2016-02-17 22:34:10 -0600
Processing by KanbanBoardsController#show as HTML
  Parameters: {"id"=>"1"}
  [1m[35mKanbanBoard Load (0.1ms)[0m  SELECT  "kanban_boards".* FROM "kanban_boards" WHERE "kanban_boards"."id" = ? LIMIT 1  [["id", 1]]
  [1m[36mTask Load (0.0ms)[0m  [1mSELECT "tasks".* FROM "tasks" WHERE "tasks"."kanban_board_id" = ? AND (current_status = 'todo')  ORDER BY "tasks"."position" ASC[0m  [["kanban_board_id", 1]]
  [1m[35mTask Load (0.0ms)[0m  SELECT "tasks".* FROM "tasks" WHERE "tasks"."kanban_board_id" = ? AND (current_status = 'in_progress')  ORDER BY "tasks"."position" ASC  [["kanban_board_id", 1]]
  [1m[36mTask Load (0.0ms)[0m  [1mSELECT "tasks".* FROM "tasks" WHERE "tasks"."kanban_board_id" = ? AND (current_status = 'to_verify')  ORDER BY "tasks"."position" ASC[0m  [["kanban_board_id", 1]]
  [1m[35mTask Load (0.0ms)[0m  SELECT "tasks".* FROM "tasks" WHERE "tasks"."kanban_board_id" = ? AND (current_status = 'done')  ORDER BY "tasks"."position" ASC  [["kanban_board_id", 1]]
  Rendered tasks/_modal.html.erb (0.8ms)
  Rendered kanban_boards/show.html.erb within layouts/application (3.1ms)
Completed 500 Internal Server Error in 5ms

SyntaxError (/Users/nwichert/Desktop/kanbanboard/app/views/tasks/_modal.html.erb:28: syntax error, unexpected ')', expecting '}'
...er.append=( {toggle:"buttons" );@output_buffer.safe_append='...
...                               ^
/Users/nwichert/Desktop/kanbanboard/app/views/tasks/_modal.html.erb:49: syntax error, unexpected keyword_ensure, expecting ')'
/Users/nwichert/Desktop/kanbanboard/app/views/tasks/_modal.html.erb:51: syntax error, unexpected keyword_end, expecting ')'):
  app/views/tasks/_modal.html.erb:28: syntax error, unexpected ')', expecting '}'
  app/views/tasks/_modal.html.erb:49: syntax error, unexpected keyword_ensure, expecting ')'
  app/views/tasks/_modal.html.erb:51: syntax error, unexpected keyword_end, expecting ')'
  app/views/kanban_boards/show.html.erb:42:in `_app_views_kanban_boards_show_html_erb__678093750163052577_70204656192120'


  Rendered /Users/nwichert/.rvm/gems/ruby-2.1.5/gems/actionpack-4.2.0/lib/action_dispatch/middleware/templates/rescues/_source.erb (5.5ms)
  Rendered /Users/nwichert/.rvm/gems/ruby-2.1.5/gems/actionpack-4.2.0/lib/action_dispatch/middleware/templates/rescues/_trace.html.erb (2.1ms)
  Rendered /Users/nwichert/.rvm/gems/ruby-2.1.5/gems/actionpack-4.2.0/lib/action_dispatch/middleware/templates/rescues/_request_and_response.html.erb (0.7ms)
  Rendered /Users/nwichert/.rvm/gems/ruby-2.1.5/gems/actionpack-4.2.0/lib/action_dispatch/middleware/templates/rescues/diagnostics.html.erb within rescues/layout (18.3ms)
  Rendered /Users/nwichert/.rvm/gems/ruby-2.1.5/gems/web-console-2.2.1/lib/web_console/templates/_markup.html.erb (0.2ms)
  Rendered /Users/nwichert/.rvm/gems/ruby-2.1.5/gems/web-console-2.2.1/lib/web_console/templates/_inner_console_markup.html.erb within layouts/inlined_string (0.2ms)
  Rendered /Users/nwichert/.rvm/gems/ruby-2.1.5/gems/web-console-2.2.1/lib/web_console/templates/_prompt_box_markup.html.erb within layouts/inlined_string (0.2ms)
  Rendered /Users/nwichert/.rvm/gems/ruby-2.1.5/gems/web-console-2.2.1/lib/web_console/templates/style.css.erb within layouts/inlined_string (0.2ms)
  Rendered /Users/nwichert/.rvm/gems/ruby-2.1.5/gems/web-console-2.2.1/lib/web_console/templates/console.js.erb within layouts/javascript (10.1ms)
  Rendered /Users/nwichert/.rvm/gems/ruby-2.1.5/gems/web-console-2.2.1/lib/web_console/templates/main.js.erb within layouts/javascript (0.2ms)
  Rendered /Users/nwichert/.rvm/gems/ruby-2.1.5/gems/web-console-2.2.1/lib/web_console/templates/error_page.js.erb within layouts/javascript (0.2ms)
  Rendered /Users/nwichert/.rvm/gems/ruby-2.1.5/gems/web-console-2.2.1/lib/web_console/templates/index.html.erb (21.6ms)


Started GET "/kanban_boards/1" for ::1 at 2016-02-17 22:35:37 -0600
Processing by KanbanBoardsController#show as HTML
  Parameters: {"id"=>"1"}
  [1m[36mKanbanBoard Load (0.1ms)[0m  [1mSELECT  "kanban_boards".* FROM "kanban_boards" WHERE "kanban_boards"."id" = ? LIMIT 1[0m  [["id", 1]]
  [1m[35mTask Load (0.0ms)[0m  SELECT "tasks".* FROM "tasks" WHERE "tasks"."kanban_board_id" = ? AND (current_status = 'todo')  ORDER BY "tasks"."position" ASC  [["kanban_board_id", 1]]
  [1m[36mTask Load (0.0ms)[0m  [1mSELECT "tasks".* FROM "tasks" WHERE "tasks"."kanban_board_id" = ? AND (current_status = 'in_progress')  ORDER BY "tasks"."position" ASC[0m  [["kanban_board_id", 1]]
  [1m[35mTask Load (0.0ms)[0m  SELECT "tasks".* FROM "tasks" WHERE "tasks"."kanban_board_id" = ? AND (current_status = 'to_verify')  ORDER BY "tasks"."position" ASC  [["kanban_board_id", 1]]
  [1m[36mTask Load (0.1ms)[0m  [1mSELECT "tasks".* FROM "tasks" WHERE "tasks"."kanban_board_id" = ? AND (current_status = 'done')  ORDER BY "tasks"."position" ASC[0m  [["kanban_board_id", 1]]
  Rendered tasks/_modal.html.erb (1.7ms)
  Rendered text template (0.0ms)
  Rendered text template (0.0ms)
  Rendered kanban_boards/show.html.erb within layouts/application (5.0ms)
  [1m[35mUser Load (0.1ms)[0m  SELECT  "users".* FROM "users" WHERE "users"."id" = ?  ORDER BY "users"."id" ASC LIMIT 1  [["id", 1]]
  Rendered shared/_navbar.html.erb (1.4ms)
Completed 200 OK in 83ms (Views: 82.5ms | ActiveRecord: 0.3ms)


Started GET "/assets/application.self-d88e4531a1c22051ce424c624f8c5279610f6c3bb5e8b3b2ea35c869cc273c92.css?body=1" for ::1 at 2016-02-17 22:35:37 -0600


Started GET "/assets/bootstrap/alert.self-896ab026e6823f5cef2441e07dac53d0692a5b772ac58b1ce20aa624c342d3f4.js?body=1" for ::1 at 2016-02-17 22:35:37 -0600


Started GET "/assets/jquery.self-a714331225dda820228db323939889f149aec0127aeb06255646b616ba1ca419.js?body=1" for ::1 at 2016-02-17 22:35:37 -0600


Started GET "/assets/bootstrap/affix.self-f7aef9d98ee5ece34a6a92a6a15bba777d93e8d908b75c95a85088277f394200.js?body=1" for ::1 at 2016-02-17 22:35:37 -0600


Started GET "/assets/bootstrap/button.self-d19f3e2bcd3a7a4d75c11b9141b3fabd2c11987da1e99c85548ec3ecf8db30c3.js?body=1" for ::1 at 2016-02-17 22:35:37 -0600


Started GET "/assets/bootstrap/collapse.self-93820e9b486e375a7fb4477602def3a6f8381fa6d50938d5378297ffbe4a1248.js?body=1" for ::1 at 2016-02-17 22:35:37 -0600


Started GET "/assets/bootstrap/carousel.self-b2e5e14483e6c31343a83861b7d487620f143d6fc2d07d5ae7544b6b225ba6be.js?body=1" for ::1 at 2016-02-17 22:35:37 -0600


Started GET "/assets/bootstrap/dropdown.self-30536ae4d54b2685c26b5787ed0eb549a9075717fe690cce6270873bedf2df00.js?body=1" for ::1 at 2016-02-17 22:35:37 -0600


Started GET "/assets/bootstrap/tab.self-9b77df34cbbb08ec93a806d6cdb741f04e3dbf3389978a0679146f2d2987bc89.js?body=1" for ::1 at 2016-02-17 22:35:37 -0600


Started GET "/assets/bootstrap/transition.self-9616c4e856b57659b67da3c6f2adcd584b5601ef4bebcdadab8ebb387d80bb25.js?body=1" for ::1 at 2016-02-17 22:35:37 -0600


Started GET "/assets/bootstrap/scrollspy.self-c5c6ed008955656d345067e9821d79f1216b8383134d08465d4aa1a33a2b93b4.js?body=1" for ::1 at 2016-02-17 22:35:37 -0600


Started GET "/assets/bootstrap/modal.self-bcfe54f3132bf16a8c5ce4289e47eba488f6522a08f49f378a037061c6c7aa4c.js?body=1" for ::1 at 2016-02-17 22:35:37 -0600


Started GET "/assets/bootstrap/popover.self-b73e9c9111d01148e24bbc46e096782e024dc5db630e7078cf11ed2587ef8551.js?body=1" for ::1 at 2016-02-17 22:35:37 -0600


Started GET "/assets/bootstrap/tooltip.self-3aa41fbe871573b34e0ebddf31598cd5a11a9841ca85f90934ea46326e46626d.js?body=1" for ::1 at 2016-02-17 22:35:37 -0600


Started GET "/assets/bootstrap-sprockets.self-fbfa5ad7d9aa0afe439ec4ff3883acc4cb92b62cb67c40d674320c9aa1d4642d.js?body=1" for ::1 at 2016-02-17 22:35:37 -0600


Started GET "/assets/jquery_ujs.self-d456baa54c1fa6be2ec3711f0a72ddf7a5b2f34a6b4f515f33767d6207b7d4b3.js?body=1" for ::1 at 2016-02-17 22:35:37 -0600


Started GET "/assets/jquery-ui.min.self-518357cf89466bcc16cea31b9bff2434a7fb2823e88809afce1e89b86bbced5c.js?body=1" for ::1 at 2016-02-17 22:35:37 -0600


Started GET "/assets/kanban_boards.self-877aef30ae1b040ab8a3aba4e3e309a11d7f2612f44dde450b5c157aa5f95c05.js?body=1" for ::1 at 2016-02-17 22:35:37 -0600


Started GET "/assets/tasks.self-4bc5cd97fa3a08c5e079caa85f65c5c1106c0f24128ec033effe6030c41c6209.js?body=1" for ::1 at 2016-02-17 22:35:37 -0600


Started GET "/assets/underscore-min.self-8c17561264389571750ac522c272868d7105cf5e3f8af4761d09489b631d177c.js?body=1" for ::1 at 2016-02-17 22:35:37 -0600


Started GET "/assets/application.self-3a3c8b61bda630ee689740ce7cbd0dd8ea6fdd45e2c42eef4661ab38cf268afe.js?body=1" for ::1 at 2016-02-17 22:35:37 -0600


Started GET "/assets/font-awesome/fontawesome-webfont-3c4a1bb7ce3234407184f0d80cc4dec075e4ad616b44dcc5778e1cfb1bc24019.woff2" for ::1 at 2016-02-17 22:35:37 -0600


Started POST "/kanban_boards/1/tasks.json" for ::1 at 2016-02-17 22:35:52 -0600
Processing by TasksController#create as JSON
  Parameters: {"task"=>{"title"=>"test", "priority"=>"high", "current_status"=>"todo"}, "kanban_board_id"=>"1"}
  [1m[36mKanbanBoard Load (0.1ms)[0m  [1mSELECT  "kanban_boards".* FROM "kanban_boards" WHERE "kanban_boards"."id" = ? LIMIT 1[0m  [["id", 1]]
  [1m[35m (0.1ms)[0m  begin transaction
  [1m[36mTask Load (0.1ms)[0m  [1mSELECT "tasks".* FROM "tasks" WHERE "tasks"."kanban_board_id" = ? AND (current_status = 'todo')  ORDER BY "tasks"."position" ASC[0m  [["kanban_board_id", 1]]
  [1m[35mSQL (0.2ms)[0m  INSERT INTO "tasks" ("title", "priority", "current_status", "kanban_board_id", "created_at", "updated_at") VALUES (?, ?, ?, ?, ?, ?)  [["title", "test"], ["priority", "high"], ["current_status", "todo"], ["kanban_board_id", 1], ["created_at", "2016-02-18 04:35:52.835849"], ["updated_at", "2016-02-18 04:35:52.835849"]]
  [1m[36m (0.6ms)[0m  [1mcommit transaction[0m
  Rendered tasks/show.json.jbuilder (2.6ms)
Completed 201 Created in 24ms (Views: 6.0ms | ActiveRecord: 1.1ms)


Started DELETE "/kanban_boards/1/tasks/1" for ::1 at 2016-02-17 22:35:59 -0600
Processing by TasksController#destroy as HTML
  Parameters: {"authenticity_token"=>"GuAZDgs7azaCsz0ERQlRrkTjbZax3k5HMAJGcTSixY5JMENnRSbpRcvL7dLzFlam8kD1BcWChrYchtO0QtuX5Q==", "kanban_board_id"=>"1", "id"=>"1"}
  [1m[35mKanbanBoard Load (0.1ms)[0m  SELECT  "kanban_boards".* FROM "kanban_boards" WHERE "kanban_boards"."id" = ? LIMIT 1  [["id", 1]]
  [1m[36mTask Load (0.1ms)[0m  [1mSELECT  "tasks".* FROM "tasks" WHERE "tasks"."id" = ? LIMIT 1[0m  [["id", 1]]
  [1m[35m (0.0ms)[0m  begin transaction
  [1m[36mSQL (0.7ms)[0m  [1mDELETE FROM "tasks" WHERE "tasks"."id" = ?[0m  [["id", 1]]
  [1m[35m (8.9ms)[0m  commit transaction
Redirected to http://localhost:3000/kanban_boards/1
Completed 302 Found in 12ms (ActiveRecord: 9.8ms)


Started GET "/kanban_boards/1" for ::1 at 2016-02-17 22:35:59 -0600
Processing by KanbanBoardsController#show as HTML
  Parameters: {"id"=>"1"}
  [1m[36mKanbanBoard Load (0.1ms)[0m  [1mSELECT  "kanban_boards".* FROM "kanban_boards" WHERE "kanban_boards"."id" = ? LIMIT 1[0m  [["id", 1]]
  [1m[35mTask Load (0.0ms)[0m  SELECT "tasks".* FROM "tasks" WHERE "tasks"."kanban_board_id" = ? AND (current_status = 'todo')  ORDER BY "tasks"."position" ASC  [["kanban_board_id", 1]]
  [1m[36mTask Load (0.0ms)[0m  [1mSELECT "tasks".* FROM "tasks" WHERE "tasks"."kanban_board_id" = ? AND (current_status = 'in_progress')  ORDER BY "tasks"."position" ASC[0m  [["kanban_board_id", 1]]
  [1m[35mTask Load (0.0ms)[0m  SELECT "tasks".* FROM "tasks" WHERE "tasks"."kanban_board_id" = ? AND (current_status = 'to_verify')  ORDER BY "tasks"."position" ASC  [["kanban_board_id", 1]]
  [1m[36mTask Load (0.0ms)[0m  [1mSELECT "tasks".* FROM "tasks" WHERE "tasks"."kanban_board_id" = ? AND (current_status = 'done')  ORDER BY "tasks"."position" ASC[0m  [["kanban_board_id", 1]]
  Rendered tasks/_modal.html.erb (1.3ms)
  Rendered text template (0.0ms)
  Rendered text template (0.0ms)
  Rendered kanban_boards/show.html.erb within layouts/application (4.1ms)
  [1m[35mUser Load (0.1ms)[0m  SELECT  "users".* FROM "users" WHERE "users"."id" = ?  ORDER BY "users"."id" ASC LIMIT 1  [["id", 1]]
  Rendered shared/_navbar.html.erb (1.5ms)
Completed 200 OK in 90ms (Views: 88.8ms | ActiveRecord: 0.3ms)


Started GET "/" for ::1 at 2016-02-17 22:36:08 -0600
Processing by KanbanBoardsController#index as HTML
  [1m[36mUser Load (0.1ms)[0m  [1mSELECT  "users".* FROM "users" WHERE "users"."id" = ?  ORDER BY "users"."id" ASC LIMIT 1[0m  [["id", 1]]
  [1m[35mKanbanBoard Load (0.1ms)[0m  SELECT "kanban_boards".* FROM "kanban_boards"
  Rendered kanban_boards/index.html.erb within layouts/application (0.9ms)
  Rendered shared/_navbar.html.erb (0.7ms)
Completed 200 OK in 82ms (Views: 81.1ms | ActiveRecord: 0.2ms)


Started GET "/kanban_boards/new" for ::1 at 2016-02-17 22:36:10 -0600
Processing by KanbanBoardsController#new as HTML
  [1m[36mUser Load (0.1ms)[0m  [1mSELECT  "users".* FROM "users" WHERE "users"."id" = ?  ORDER BY "users"."id" ASC LIMIT 1[0m  [["id", 1]]
  Rendered kanban_boards/_form.html.erb (2.0ms)
  Rendered kanban_boards/new.html.erb within layouts/application (2.7ms)
  Rendered shared/_navbar.html.erb (0.6ms)
Completed 200 OK in 74ms (Views: 74.0ms | ActiveRecord: 0.1ms)


Started POST "/kanban_boards" for ::1 at 2016-02-17 22:36:16 -0600
Processing by KanbanBoardsController#create as HTML
  Parameters: {"utf8"=>"✓", "authenticity_token"=>"jg6FSgqMllcnoRHw4RnqyGL5pRBpmohJGAFxhIVhKyPd3t8jRJEUJG7ZwSZXBu3A1Fo9gx3GQLg0heRB8xh5SA==", "kanban_board"=>{"title"=>"test 4", "description"=>"test 4", "public_visible"=>"1"}, "commit"=>"Save changes"}
  [1m[35m (0.1ms)[0m  begin transaction
  [1m[36mSQL (0.3ms)[0m  [1mINSERT INTO "kanban_boards" ("title", "description", "created_at", "updated_at") VALUES (?, ?, ?, ?)[0m  [["title", "test 4"], ["description", "test 4"], ["created_at", "2016-02-18 04:36:16.389787"], ["updated_at", "2016-02-18 04:36:16.389787"]]
  [1m[35m (7.8ms)[0m  commit transaction
Redirected to http://localhost:3000/kanban_boards/4
Completed 302 Found in 11ms (ActiveRecord: 8.1ms)


Started GET "/kanban_boards/4" for ::1 at 2016-02-17 22:36:16 -0600
Processing by KanbanBoardsController#show as HTML
  Parameters: {"id"=>"4"}
  [1m[36mKanbanBoard Load (0.1ms)[0m  [1mSELECT  "kanban_boards".* FROM "kanban_boards" WHERE "kanban_boards"."id" = ? LIMIT 1[0m  [["id", 4]]
  [1m[35mTask Load (0.1ms)[0m  SELECT "tasks".* FROM "tasks" WHERE "tasks"."kanban_board_id" = ? AND (current_status = 'todo')  ORDER BY "tasks"."position" ASC  [["kanban_board_id", 4]]
  [1m[36mTask Load (0.1ms)[0m  [1mSELECT "tasks".* FROM "tasks" WHERE "tasks"."kanban_board_id" = ? AND (current_status = 'in_progress')  ORDER BY "tasks"."position" ASC[0m  [["kanban_board_id", 4]]
  [1m[35mTask Load (0.1ms)[0m  SELECT "tasks".* FROM "tasks" WHERE "tasks"."kanban_board_id" = ? AND (current_status = 'to_verify')  ORDER BY "tasks"."position" ASC  [["kanban_board_id", 4]]
  [1m[36mTask Load (0.0ms)[0m  [1mSELECT "tasks".* FROM "tasks" WHERE "tasks"."kanban_board_id" = ? AND (current_status = 'done')  ORDER BY "tasks"."position" ASC[0m  [["kanban_board_id", 4]]
  Rendered tasks/_modal.html.erb (1.6ms)
  Rendered text template (0.0ms)
  Rendered text template (0.0ms)
  Rendered kanban_boards/show.html.erb within layouts/application (4.9ms)
  [1m[35mUser Load (0.1ms)[0m  SELECT  "users".* FROM "users" WHERE "users"."id" = ?  ORDER BY "users"."id" ASC LIMIT 1  [["id", 1]]
  Rendered shared/_navbar.html.erb (1.3ms)
Completed 200 OK in 93ms (Views: 92.6ms | ActiveRecord: 0.4ms)


Started DELETE "/users/sign_out" for ::1 at 2016-02-17 22:36:23 -0600
Processing by Devise::SessionsController#destroy as HTML
  Parameters: {"authenticity_token"=>"XLeZHYovrO5o7+mtLPXW8i0w9agEv2tRNWlp+godF4YPZ8N0xDIunSGXOXua6tH6m5NtO3Djo6AZ7fw/fGRF7Q=="}
  [1m[36mUser Load (0.1ms)[0m  [1mSELECT  "users".* FROM "users" WHERE "users"."id" = ?  ORDER BY "users"."id" ASC LIMIT 1[0m  [["id", 1]]
  [1m[35m (0.1ms)[0m  begin transaction
  [1m[36m (0.0ms)[0m  [1mcommit transaction[0m
Redirected to http://localhost:3000/
Completed 302 Found in 5ms (ActiveRecord: 0.2ms)


Started GET "/" for ::1 at 2016-02-17 22:36:23 -0600
Processing by KanbanBoardsController#index as HTML
  [1m[35mKanbanBoard Load (0.1ms)[0m  SELECT "kanban_boards".* FROM "kanban_boards" WHERE "kanban_boards"."public_visible" = 't'
  Rendered kanban_boards/index.html.erb within layouts/application (1.1ms)
  Rendered shared/_navbar.html.erb (5.8ms)
Completed 200 OK in 95ms (Views: 92.0ms | ActiveRecord: 0.1ms)


Started GET "/kanban_boards/1/edit" for ::1 at 2016-02-17 22:36:27 -0600
Processing by KanbanBoardsController#edit as HTML
  Parameters: {"id"=>"1"}
  [1m[36mKanbanBoard Load (0.1ms)[0m  [1mSELECT  "kanban_boards".* FROM "kanban_boards" WHERE "kanban_boards"."id" = ? LIMIT 1[0m  [["id", 1]]
  Rendered kanban_boards/_form.html.erb (1.5ms)
  Rendered kanban_boards/edit.html.erb within layouts/application (2.0ms)
  Rendered shared/_navbar.html.erb (2.8ms)
Completed 200 OK in 80ms (Views: 79.0ms | ActiveRecord: 0.1ms)


Started GET "/kanban_boards/4" for ::1 at 2016-02-17 22:36:31 -0600
Processing by KanbanBoardsController#show as HTML
  Parameters: {"id"=>"4"}
  [1m[35mKanbanBoard Load (0.1ms)[0m  SELECT  "kanban_boards".* FROM "kanban_boards" WHERE "kanban_boards"."id" = ? LIMIT 1  [["id", 4]]
  [1m[36mTask Load (0.1ms)[0m  [1mSELECT "tasks".* FROM "tasks" WHERE "tasks"."kanban_board_id" = ? AND (current_status = 'todo')  ORDER BY "tasks"."position" ASC[0m  [["kanban_board_id", 4]]
  [1m[35mTask Load (0.0ms)[0m  SELECT "tasks".* FROM "tasks" WHERE "tasks"."kanban_board_id" = ? AND (current_status = 'in_progress')  ORDER BY "tasks"."position" ASC  [["kanban_board_id", 4]]
  [1m[36mTask Load (0.0ms)[0m  [1mSELECT "tasks".* FROM "tasks" WHERE "tasks"."kanban_board_id" = ? AND (current_status = 'to_verify')  ORDER BY "tasks"."position" ASC[0m  [["kanban_board_id", 4]]
  [1m[35mTask Load (0.0ms)[0m  SELECT "tasks".* FROM "tasks" WHERE "tasks"."kanban_board_id" = ? AND (current_status = 'done')  ORDER BY "tasks"."position" ASC  [["kanban_board_id", 4]]
  Rendered tasks/_modal.html.erb (1.2ms)
  Rendered text template (0.0ms)
  Rendered text template (0.0ms)
  Rendered kanban_boards/show.html.erb within layouts/application (10.6ms)
  Rendered shared/_navbar.html.erb (5.9ms)
Completed 200 OK in 86ms (Views: 85.3ms | ActiveRecord: 0.3ms)


Started GET "/kanban_boards/new" for ::1 at 2016-02-17 22:36:41 -0600
Processing by KanbanBoardsController#new as HTML
  Rendered kanban_boards/_form.html.erb (1.2ms)
  Rendered kanban_boards/new.html.erb within layouts/application (1.6ms)
  Rendered shared/_navbar.html.erb (2.7ms)
Completed 200 OK in 87ms (Views: 86.5ms | ActiveRecord: 0.0ms)


Started GET "/kanban_boards/new" for ::1 at 2016-02-17 22:39:11 -0600
Processing by KanbanBoardsController#new as HTML
  Rendered kanban_boards/_form.html.erb (1.2ms)
  Rendered kanban_boards/new.html.erb within layouts/application (1.6ms)
  Rendered shared/_navbar.html.erb (2.8ms)
Completed 200 OK in 86ms (Views: 85.3ms | ActiveRecord: 0.0ms)


Started GET "/assets/application.self-d88e4531a1c22051ce424c624f8c5279610f6c3bb5e8b3b2ea35c869cc273c92.css?body=1" for ::1 at 2016-02-17 22:39:11 -0600


Started GET "/assets/bootstrap/affix.self-f7aef9d98ee5ece34a6a92a6a15bba777d93e8d908b75c95a85088277f394200.js?body=1" for ::1 at 2016-02-17 22:39:11 -0600


Started GET "/assets/bootstrap/alert.self-896ab026e6823f5cef2441e07dac53d0692a5b772ac58b1ce20aa624c342d3f4.js?body=1" for ::1 at 2016-02-17 22:39:11 -0600


Started GET "/assets/jquery.self-a714331225dda820228db323939889f149aec0127aeb06255646b616ba1ca419.js?body=1" for ::1 at 2016-02-17 22:39:11 -0600


Started GET "/assets/bootstrap/button.self-d19f3e2bcd3a7a4d75c11b9141b3fabd2c11987da1e99c85548ec3ecf8db30c3.js?body=1" for ::1 at 2016-02-17 22:39:11 -0600


Started GET "/assets/bootstrap/carousel.self-b2e5e14483e6c31343a83861b7d487620f143d6fc2d07d5ae7544b6b225ba6be.js?body=1" for ::1 at 2016-02-17 22:39:11 -0600


Started GET "/assets/bootstrap/collapse.self-93820e9b486e375a7fb4477602def3a6f8381fa6d50938d5378297ffbe4a1248.js?body=1" for ::1 at 2016-02-17 22:39:11 -0600


Started GET "/assets/bootstrap/dropdown.self-30536ae4d54b2685c26b5787ed0eb549a9075717fe690cce6270873bedf2df00.js?body=1" for ::1 at 2016-02-17 22:39:11 -0600


Started GET "/assets/bootstrap/tab.self-9b77df34cbbb08ec93a806d6cdb741f04e3dbf3389978a0679146f2d2987bc89.js?body=1" for ::1 at 2016-02-17 22:39:11 -0600


Started GET "/assets/bootstrap/transition.self-9616c4e856b57659b67da3c6f2adcd584b5601ef4bebcdadab8ebb387d80bb25.js?body=1" for ::1 at 2016-02-17 22:39:11 -0600


Started GET "/assets/bootstrap/scrollspy.self-c5c6ed008955656d345067e9821d79f1216b8383134d08465d4aa1a33a2b93b4.js?body=1" for ::1 at 2016-02-17 22:39:11 -0600


Started GET "/assets/bootstrap/modal.self-bcfe54f3132bf16a8c5ce4289e47eba488f6522a08f49f378a037061c6c7aa4c.js?body=1" for ::1 at 2016-02-17 22:39:11 -0600


Started GET "/assets/bootstrap/tooltip.self-3aa41fbe871573b34e0ebddf31598cd5a11a9841ca85f90934ea46326e46626d.js?body=1" for ::1 at 2016-02-17 22:39:11 -0600


Started GET "/assets/bootstrap/popover.self-b73e9c9111d01148e24bbc46e096782e024dc5db630e7078cf11ed2587ef8551.js?body=1" for ::1 at 2016-02-17 22:39:11 -0600


Started GET "/assets/jquery_ujs.self-d456baa54c1fa6be2ec3711f0a72ddf7a5b2f34a6b4f515f33767d6207b7d4b3.js?body=1" for ::1 at 2016-02-17 22:39:11 -0600


Started GET "/assets/jquery-ui.min.self-518357cf89466bcc16cea31b9bff2434a7fb2823e88809afce1e89b86bbced5c.js?body=1" for ::1 at 2016-02-17 22:39:11 -0600


Started GET "/assets/bootstrap-sprockets.self-fbfa5ad7d9aa0afe439ec4ff3883acc4cb92b62cb67c40d674320c9aa1d4642d.js?body=1" for ::1 at 2016-02-17 22:39:11 -0600


Started GET "/assets/kanban_boards.self-877aef30ae1b040ab8a3aba4e3e309a11d7f2612f44dde450b5c157aa5f95c05.js?body=1" for ::1 at 2016-02-17 22:39:11 -0600


Started GET "/assets/tasks.self-4bc5cd97fa3a08c5e079caa85f65c5c1106c0f24128ec033effe6030c41c6209.js?body=1" for ::1 at 2016-02-17 22:39:11 -0600


Started GET "/assets/underscore-min.self-8c17561264389571750ac522c272868d7105cf5e3f8af4761d09489b631d177c.js?body=1" for ::1 at 2016-02-17 22:39:11 -0600


Started GET "/assets/application.self-3a3c8b61bda630ee689740ce7cbd0dd8ea6fdd45e2c42eef4661ab38cf268afe.js?body=1" for ::1 at 2016-02-17 22:39:11 -0600


Started GET "/assets/font-awesome/fontawesome-webfont-3c4a1bb7ce3234407184f0d80cc4dec075e4ad616b44dcc5778e1cfb1bc24019.woff2" for ::1 at 2016-02-17 22:39:11 -0600


Started GET "/kanban_boards/new" for ::1 at 2016-02-17 22:39:33 -0600
Processing by KanbanBoardsController#new as HTML
  Rendered kanban_boards/_form.html.erb (1.4ms)
  Rendered kanban_boards/new.html.erb within layouts/application (1.8ms)
  Rendered shared/_navbar.html.erb (3.7ms)
Completed 200 OK in 86ms (Views: 86.1ms | ActiveRecord: 0.0ms)


Started GET "/assets/application.self-d88e4531a1c22051ce424c624f8c5279610f6c3bb5e8b3b2ea35c869cc273c92.css?body=1" for ::1 at 2016-02-17 22:39:33 -0600


Started GET "/assets/bootstrap/carousel.self-b2e5e14483e6c31343a83861b7d487620f143d6fc2d07d5ae7544b6b225ba6be.js?body=1" for ::1 at 2016-02-17 22:39:33 -0600


Started GET "/assets/bootstrap/alert.self-896ab026e6823f5cef2441e07dac53d0692a5b772ac58b1ce20aa624c342d3f4.js?body=1" for ::1 at 2016-02-17 22:39:33 -0600


Started GET "/assets/jquery.self-a714331225dda820228db323939889f149aec0127aeb06255646b616ba1ca419.js?body=1" for ::1 at 2016-02-17 22:39:33 -0600


Started GET "/assets/bootstrap/affix.self-f7aef9d98ee5ece34a6a92a6a15bba777d93e8d908b75c95a85088277f394200.js?body=1" for ::1 at 2016-02-17 22:39:33 -0600


Started GET "/assets/bootstrap/collapse.self-93820e9b486e375a7fb4477602def3a6f8381fa6d50938d5378297ffbe4a1248.js?body=1" for ::1 at 2016-02-17 22:39:33 -0600


Started GET "/assets/bootstrap/button.self-d19f3e2bcd3a7a4d75c11b9141b3fabd2c11987da1e99c85548ec3ecf8db30c3.js?body=1" for ::1 at 2016-02-17 22:39:33 -0600


Started GET "/assets/bootstrap/dropdown.self-30536ae4d54b2685c26b5787ed0eb549a9075717fe690cce6270873bedf2df00.js?body=1" for ::1 at 2016-02-17 22:39:33 -0600


Started GET "/assets/bootstrap/tab.self-9b77df34cbbb08ec93a806d6cdb741f04e3dbf3389978a0679146f2d2987bc89.js?body=1" for ::1 at 2016-02-17 22:39:33 -0600


Started GET "/assets/bootstrap/transition.self-9616c4e856b57659b67da3c6f2adcd584b5601ef4bebcdadab8ebb387d80bb25.js?body=1" for ::1 at 2016-02-17 22:39:33 -0600


Started GET "/assets/bootstrap/scrollspy.self-c5c6ed008955656d345067e9821d79f1216b8383134d08465d4aa1a33a2b93b4.js?body=1" for ::1 at 2016-02-17 22:39:33 -0600


Started GET "/assets/bootstrap/modal.self-bcfe54f3132bf16a8c5ce4289e47eba488f6522a08f49f378a037061c6c7aa4c.js?body=1" for ::1 at 2016-02-17 22:39:33 -0600


Started GET "/assets/bootstrap/tooltip.self-3aa41fbe871573b34e0ebddf31598cd5a11a9841ca85f90934ea46326e46626d.js?body=1" for ::1 at 2016-02-17 22:39:33 -0600


Started GET "/assets/bootstrap/popover.self-b73e9c9111d01148e24bbc46e096782e024dc5db630e7078cf11ed2587ef8551.js?body=1" for ::1 at 2016-02-17 22:39:33 -0600


Started GET "/assets/bootstrap-sprockets.self-fbfa5ad7d9aa0afe439ec4ff3883acc4cb92b62cb67c40d674320c9aa1d4642d.js?body=1" for ::1 at 2016-02-17 22:39:33 -0600


Started GET "/assets/jquery-ui.min.self-518357cf89466bcc16cea31b9bff2434a7fb2823e88809afce1e89b86bbced5c.js?body=1" for ::1 at 2016-02-17 22:39:33 -0600


Started GET "/assets/kanban_boards.self-877aef30ae1b040ab8a3aba4e3e309a11d7f2612f44dde450b5c157aa5f95c05.js?body=1" for ::1 at 2016-02-17 22:39:33 -0600


Started GET "/assets/tasks.self-4bc5cd97fa3a08c5e079caa85f65c5c1106c0f24128ec033effe6030c41c6209.js?body=1" for ::1 at 2016-02-17 22:39:33 -0600


Started GET "/assets/jquery_ujs.self-d456baa54c1fa6be2ec3711f0a72ddf7a5b2f34a6b4f515f33767d6207b7d4b3.js?body=1" for ::1 at 2016-02-17 22:39:33 -0600


Started GET "/assets/underscore-min.self-8c17561264389571750ac522c272868d7105cf5e3f8af4761d09489b631d177c.js?body=1" for ::1 at 2016-02-17 22:39:33 -0600


Started GET "/assets/application.self-3a3c8b61bda630ee689740ce7cbd0dd8ea6fdd45e2c42eef4661ab38cf268afe.js?body=1" for ::1 at 2016-02-17 22:39:33 -0600


Started GET "/assets/font-awesome/fontawesome-webfont-3c4a1bb7ce3234407184f0d80cc4dec075e4ad616b44dcc5778e1cfb1bc24019.woff2" for ::1 at 2016-02-17 22:39:33 -0600


Started GET "/kanban_boards/new" for ::1 at 2016-02-17 22:41:13 -0600
Processing by KanbanBoardsController#new as HTML
  Rendered kanban_boards/_form.html.erb (1.3ms)
  Rendered kanban_boards/new.html.erb within layouts/application (1.9ms)
  Rendered shared/_navbar.html.erb (3.6ms)
Completed 200 OK in 84ms (Views: 83.4ms | ActiveRecord: 0.0ms)


Started GET "/assets/application.self-d88e4531a1c22051ce424c624f8c5279610f6c3bb5e8b3b2ea35c869cc273c92.css?body=1" for ::1 at 2016-02-17 22:41:13 -0600


Started GET "/assets/jquery.self-a714331225dda820228db323939889f149aec0127aeb06255646b616ba1ca419.js?body=1" for ::1 at 2016-02-17 22:41:13 -0600


Started GET "/assets/bootstrap/affix.self-f7aef9d98ee5ece34a6a92a6a15bba777d93e8d908b75c95a85088277f394200.js?body=1" for ::1 at 2016-02-17 22:41:13 -0600


Started GET "/assets/bootstrap/alert.self-896ab026e6823f5cef2441e07dac53d0692a5b772ac58b1ce20aa624c342d3f4.js?body=1" for ::1 at 2016-02-17 22:41:13 -0600


Started GET "/assets/bootstrap/collapse.self-93820e9b486e375a7fb4477602def3a6f8381fa6d50938d5378297ffbe4a1248.js?body=1" for ::1 at 2016-02-17 22:41:13 -0600


Started GET "/assets/bootstrap/dropdown.self-30536ae4d54b2685c26b5787ed0eb549a9075717fe690cce6270873bedf2df00.js?body=1" for ::1 at 2016-02-17 22:41:13 -0600


Started GET "/assets/bootstrap/tab.self-9b77df34cbbb08ec93a806d6cdb741f04e3dbf3389978a0679146f2d2987bc89.js?body=1" for ::1 at 2016-02-17 22:41:13 -0600


Started GET "/assets/bootstrap/carousel.self-b2e5e14483e6c31343a83861b7d487620f143d6fc2d07d5ae7544b6b225ba6be.js?body=1" for ::1 at 2016-02-17 22:41:13 -0600


Started GET "/assets/bootstrap/transition.self-9616c4e856b57659b67da3c6f2adcd584b5601ef4bebcdadab8ebb387d80bb25.js?body=1" for ::1 at 2016-02-17 22:41:13 -0600


Started GET "/assets/bootstrap/button.self-d19f3e2bcd3a7a4d75c11b9141b3fabd2c11987da1e99c85548ec3ecf8db30c3.js?body=1" for ::1 at 2016-02-17 22:41:13 -0600


Started GET "/assets/bootstrap/scrollspy.self-c5c6ed008955656d345067e9821d79f1216b8383134d08465d4aa1a33a2b93b4.js?body=1" for ::1 at 2016-02-17 22:41:13 -0600


Started GET "/assets/bootstrap/tooltip.self-3aa41fbe871573b34e0ebddf31598cd5a11a9841ca85f90934ea46326e46626d.js?body=1" for ::1 at 2016-02-17 22:41:13 -0600


Started GET "/assets/bootstrap/modal.self-bcfe54f3132bf16a8c5ce4289e47eba488f6522a08f49f378a037061c6c7aa4c.js?body=1" for ::1 at 2016-02-17 22:41:13 -0600


Started GET "/assets/bootstrap/popover.self-b73e9c9111d01148e24bbc46e096782e024dc5db630e7078cf11ed2587ef8551.js?body=1" for ::1 at 2016-02-17 22:41:13 -0600


Started GET "/assets/bootstrap-sprockets.self-fbfa5ad7d9aa0afe439ec4ff3883acc4cb92b62cb67c40d674320c9aa1d4642d.js?body=1" for ::1 at 2016-02-17 22:41:13 -0600


Started GET "/assets/jquery_ujs.self-d456baa54c1fa6be2ec3711f0a72ddf7a5b2f34a6b4f515f33767d6207b7d4b3.js?body=1" for ::1 at 2016-02-17 22:41:13 -0600


Started GET "/assets/jquery-ui.min.self-518357cf89466bcc16cea31b9bff2434a7fb2823e88809afce1e89b86bbced5c.js?body=1" for ::1 at 2016-02-17 22:41:13 -0600


Started GET "/assets/kanban_boards.self-877aef30ae1b040ab8a3aba4e3e309a11d7f2612f44dde450b5c157aa5f95c05.js?body=1" for ::1 at 2016-02-17 22:41:13 -0600


Started GET "/assets/underscore-min.self-8c17561264389571750ac522c272868d7105cf5e3f8af4761d09489b631d177c.js?body=1" for ::1 at 2016-02-17 22:41:13 -0600


Started GET "/assets/tasks.self-4bc5cd97fa3a08c5e079caa85f65c5c1106c0f24128ec033effe6030c41c6209.js?body=1" for ::1 at 2016-02-17 22:41:13 -0600


Started GET "/assets/application.self-3a3c8b61bda630ee689740ce7cbd0dd8ea6fdd45e2c42eef4661ab38cf268afe.js?body=1" for ::1 at 2016-02-17 22:41:13 -0600


Started GET "/assets/font-awesome/fontawesome-webfont-3c4a1bb7ce3234407184f0d80cc4dec075e4ad616b44dcc5778e1cfb1bc24019.woff2" for ::1 at 2016-02-17 22:41:13 -0600


Started GET "/kanban_boards/new" for ::1 at 2016-02-17 22:41:35 -0600
Processing by KanbanBoardsController#new as HTML
  Rendered kanban_boards/_form.html.erb (1.3ms)
  Rendered kanban_boards/new.html.erb within layouts/application (1.8ms)
  Rendered shared/_navbar.html.erb (3.5ms)
Completed 200 OK in 88ms (Views: 87.6ms | ActiveRecord: 0.0ms)


Started GET "/assets/application.self-d88e4531a1c22051ce424c624f8c5279610f6c3bb5e8b3b2ea35c869cc273c92.css?body=1" for ::1 at 2016-02-17 22:41:35 -0600


Started GET "/assets/bootstrap/alert.self-896ab026e6823f5cef2441e07dac53d0692a5b772ac58b1ce20aa624c342d3f4.js?body=1" for ::1 at 2016-02-17 22:41:35 -0600


Started GET "/assets/bootstrap/dropdown.self-30536ae4d54b2685c26b5787ed0eb549a9075717fe690cce6270873bedf2df00.js?body=1" for ::1 at 2016-02-17 22:41:35 -0600


Started GET "/assets/bootstrap/button.self-d19f3e2bcd3a7a4d75c11b9141b3fabd2c11987da1e99c85548ec3ecf8db30c3.js?body=1" for ::1 at 2016-02-17 22:41:35 -0600


Started GET "/assets/bootstrap/affix.self-f7aef9d98ee5ece34a6a92a6a15bba777d93e8d908b75c95a85088277f394200.js?body=1" for ::1 at 2016-02-17 22:41:35 -0600


Started GET "/assets/jquery.self-a714331225dda820228db323939889f149aec0127aeb06255646b616ba1ca419.js?body=1" for ::1 at 2016-02-17 22:41:35 -0600


Started GET "/assets/bootstrap/carousel.self-b2e5e14483e6c31343a83861b7d487620f143d6fc2d07d5ae7544b6b225ba6be.js?body=1" for ::1 at 2016-02-17 22:41:35 -0600


Started GET "/assets/bootstrap/collapse.self-93820e9b486e375a7fb4477602def3a6f8381fa6d50938d5378297ffbe4a1248.js?body=1" for ::1 at 2016-02-17 22:41:35 -0600


Started GET "/assets/bootstrap/tab.self-9b77df34cbbb08ec93a806d6cdb741f04e3dbf3389978a0679146f2d2987bc89.js?body=1" for ::1 at 2016-02-17 22:41:35 -0600


Started GET "/assets/bootstrap/transition.self-9616c4e856b57659b67da3c6f2adcd584b5601ef4bebcdadab8ebb387d80bb25.js?body=1" for ::1 at 2016-02-17 22:41:35 -0600


Started GET "/assets/bootstrap/modal.self-bcfe54f3132bf16a8c5ce4289e47eba488f6522a08f49f378a037061c6c7aa4c.js?body=1" for ::1 at 2016-02-17 22:41:35 -0600


Started GET "/assets/bootstrap/scrollspy.self-c5c6ed008955656d345067e9821d79f1216b8383134d08465d4aa1a33a2b93b4.js?body=1" for ::1 at 2016-02-17 22:41:35 -0600


Started GET "/assets/bootstrap/tooltip.self-3aa41fbe871573b34e0ebddf31598cd5a11a9841ca85f90934ea46326e46626d.js?body=1" for ::1 at 2016-02-17 22:41:35 -0600


Started GET "/assets/bootstrap/popover.self-b73e9c9111d01148e24bbc46e096782e024dc5db630e7078cf11ed2587ef8551.js?body=1" for ::1 at 2016-02-17 22:41:35 -0600


Started GET "/assets/bootstrap-sprockets.self-fbfa5ad7d9aa0afe439ec4ff3883acc4cb92b62cb67c40d674320c9aa1d4642d.js?body=1" for ::1 at 2016-02-17 22:41:35 -0600


Started GET "/assets/jquery_ujs.self-d456baa54c1fa6be2ec3711f0a72ddf7a5b2f34a6b4f515f33767d6207b7d4b3.js?body=1" for ::1 at 2016-02-17 22:41:35 -0600


Started GET "/assets/jquery-ui.min.self-518357cf89466bcc16cea31b9bff2434a7fb2823e88809afce1e89b86bbced5c.js?body=1" for ::1 at 2016-02-17 22:41:35 -0600


Started GET "/assets/kanban_boards.self-877aef30ae1b040ab8a3aba4e3e309a11d7f2612f44dde450b5c157aa5f95c05.js?body=1" for ::1 at 2016-02-17 22:41:35 -0600


Started GET "/assets/tasks.self-4bc5cd97fa3a08c5e079caa85f65c5c1106c0f24128ec033effe6030c41c6209.js?body=1" for ::1 at 2016-02-17 22:41:35 -0600


Started GET "/assets/underscore-min.self-8c17561264389571750ac522c272868d7105cf5e3f8af4761d09489b631d177c.js?body=1" for ::1 at 2016-02-17 22:41:35 -0600


Started GET "/assets/application.self-3a3c8b61bda630ee689740ce7cbd0dd8ea6fdd45e2c42eef4661ab38cf268afe.js?body=1" for ::1 at 2016-02-17 22:41:35 -0600


Started GET "/assets/font-awesome/fontawesome-webfont-3c4a1bb7ce3234407184f0d80cc4dec075e4ad616b44dcc5778e1cfb1bc24019.woff2" for ::1 at 2016-02-17 22:41:35 -0600


Started GET "/" for ::1 at 2016-02-17 22:41:39 -0600
Processing by KanbanBoardsController#index as HTML
  [1m[36mKanbanBoard Load (0.2ms)[0m  [1mSELECT "kanban_boards".* FROM "kanban_boards" WHERE "kanban_boards"."public_visible" = 't'[0m
  Rendered kanban_boards/index.html.erb within layouts/application (1.1ms)
  Rendered shared/_navbar.html.erb (4.7ms)
Completed 200 OK in 87ms (Views: 85.9ms | ActiveRecord: 0.2ms)


Started GET "/" for ::1 at 2016-02-17 22:41:56 -0600
Processing by KanbanBoardsController#index as HTML
  [1m[35mKanbanBoard Load (0.1ms)[0m  SELECT "kanban_boards".* FROM "kanban_boards" WHERE "kanban_boards"."public_visible" = 't'
  Rendered kanban_boards/index.html.erb within layouts/application (1.2ms)
  Rendered shared/_navbar.html.erb (3.1ms)
Completed 200 OK in 84ms (Views: 82.8ms | ActiveRecord: 0.1ms)


Started GET "/assets/jquery.self-a714331225dda820228db323939889f149aec0127aeb06255646b616ba1ca419.js?body=1" for ::1 at 2016-02-17 22:41:57 -0600


Started GET "/assets/bootstrap/carousel.self-b2e5e14483e6c31343a83861b7d487620f143d6fc2d07d5ae7544b6b225ba6be.js?body=1" for ::1 at 2016-02-17 22:41:57 -0600


Started GET "/assets/application.self-d88e4531a1c22051ce424c624f8c5279610f6c3bb5e8b3b2ea35c869cc273c92.css?body=1" for ::1 at 2016-02-17 22:41:57 -0600


Started GET "/assets/bootstrap/alert.self-896ab026e6823f5cef2441e07dac53d0692a5b772ac58b1ce20aa624c342d3f4.js?body=1" for ::1 at 2016-02-17 22:41:57 -0600


Started GET "/assets/bootstrap/button.self-d19f3e2bcd3a7a4d75c11b9141b3fabd2c11987da1e99c85548ec3ecf8db30c3.js?body=1" for ::1 at 2016-02-17 22:41:57 -0600


Started GET "/assets/bootstrap/affix.self-f7aef9d98ee5ece34a6a92a6a15bba777d93e8d908b75c95a85088277f394200.js?body=1" for ::1 at 2016-02-17 22:41:57 -0600


Started GET "/assets/bootstrap/collapse.self-93820e9b486e375a7fb4477602def3a6f8381fa6d50938d5378297ffbe4a1248.js?body=1" for ::1 at 2016-02-17 22:41:57 -0600


Started GET "/assets/bootstrap/dropdown.self-30536ae4d54b2685c26b5787ed0eb549a9075717fe690cce6270873bedf2df00.js?body=1" for ::1 at 2016-02-17 22:41:57 -0600


Started GET "/assets/bootstrap/transition.self-9616c4e856b57659b67da3c6f2adcd584b5601ef4bebcdadab8ebb387d80bb25.js?body=1" for ::1 at 2016-02-17 22:41:57 -0600


Started GET "/assets/bootstrap/tab.self-9b77df34cbbb08ec93a806d6cdb741f04e3dbf3389978a0679146f2d2987bc89.js?body=1" for ::1 at 2016-02-17 22:41:57 -0600


Started GET "/assets/bootstrap/scrollspy.self-c5c6ed008955656d345067e9821d79f1216b8383134d08465d4aa1a33a2b93b4.js?body=1" for ::1 at 2016-02-17 22:41:57 -0600


Started GET "/assets/bootstrap/modal.self-bcfe54f3132bf16a8c5ce4289e47eba488f6522a08f49f378a037061c6c7aa4c.js?body=1" for ::1 at 2016-02-17 22:41:57 -0600


Started GET "/assets/bootstrap/tooltip.self-3aa41fbe871573b34e0ebddf31598cd5a11a9841ca85f90934ea46326e46626d.js?body=1" for ::1 at 2016-02-17 22:41:57 -0600


Started GET "/assets/bootstrap/popover.self-b73e9c9111d01148e24bbc46e096782e024dc5db630e7078cf11ed2587ef8551.js?body=1" for ::1 at 2016-02-17 22:41:57 -0600


Started GET "/assets/bootstrap-sprockets.self-fbfa5ad7d9aa0afe439ec4ff3883acc4cb92b62cb67c40d674320c9aa1d4642d.js?body=1" for ::1 at 2016-02-17 22:41:57 -0600


Started GET "/assets/jquery_ujs.self-d456baa54c1fa6be2ec3711f0a72ddf7a5b2f34a6b4f515f33767d6207b7d4b3.js?body=1" for ::1 at 2016-02-17 22:41:57 -0600


Started GET "/assets/jquery-ui.min.self-518357cf89466bcc16cea31b9bff2434a7fb2823e88809afce1e89b86bbced5c.js?body=1" for ::1 at 2016-02-17 22:41:57 -0600


Started GET "/assets/kanban_boards.self-877aef30ae1b040ab8a3aba4e3e309a11d7f2612f44dde450b5c157aa5f95c05.js?body=1" for ::1 at 2016-02-17 22:41:57 -0600


Started GET "/assets/tasks.self-4bc5cd97fa3a08c5e079caa85f65c5c1106c0f24128ec033effe6030c41c6209.js?body=1" for ::1 at 2016-02-17 22:41:57 -0600


Started GET "/assets/underscore-min.self-8c17561264389571750ac522c272868d7105cf5e3f8af4761d09489b631d177c.js?body=1" for ::1 at 2016-02-17 22:41:57 -0600


Started GET "/assets/application.self-3a3c8b61bda630ee689740ce7cbd0dd8ea6fdd45e2c42eef4661ab38cf268afe.js?body=1" for ::1 at 2016-02-17 22:41:57 -0600


Started GET "/assets/font-awesome/fontawesome-webfont-3c4a1bb7ce3234407184f0d80cc4dec075e4ad616b44dcc5778e1cfb1bc24019.woff2" for ::1 at 2016-02-17 22:41:57 -0600


Started GET "/" for ::1 at 2016-02-17 22:42:10 -0600
Processing by KanbanBoardsController#index as HTML
  [1m[36mKanbanBoard Load (0.1ms)[0m  [1mSELECT "kanban_boards".* FROM "kanban_boards" WHERE "kanban_boards"."public_visible" = 't'[0m
  Rendered kanban_boards/index.html.erb within layouts/application (1.1ms)
  Rendered shared/_navbar.html.erb (2.6ms)
Completed 200 OK in 81ms (Views: 79.9ms | ActiveRecord: 0.1ms)


Started GET "/assets/application.self-d88e4531a1c22051ce424c624f8c5279610f6c3bb5e8b3b2ea35c869cc273c92.css?body=1" for ::1 at 2016-02-17 22:42:10 -0600


Started GET "/assets/bootstrap/affix.self-f7aef9d98ee5ece34a6a92a6a15bba777d93e8d908b75c95a85088277f394200.js?body=1" for ::1 at 2016-02-17 22:42:11 -0600


Started GET "/assets/bootstrap/alert.self-896ab026e6823f5cef2441e07dac53d0692a5b772ac58b1ce20aa624c342d3f4.js?body=1" for ::1 at 2016-02-17 22:42:11 -0600


Started GET "/assets/bootstrap/dropdown.self-30536ae4d54b2685c26b5787ed0eb549a9075717fe690cce6270873bedf2df00.js?body=1" for ::1 at 2016-02-17 22:42:11 -0600


Started GET "/assets/jquery.self-a714331225dda820228db323939889f149aec0127aeb06255646b616ba1ca419.js?body=1" for ::1 at 2016-02-17 22:42:11 -0600


Started GET "/assets/bootstrap/button.self-d19f3e2bcd3a7a4d75c11b9141b3fabd2c11987da1e99c85548ec3ecf8db30c3.js?body=1" for ::1 at 2016-02-17 22:42:11 -0600


Started GET "/assets/bootstrap/collapse.self-93820e9b486e375a7fb4477602def3a6f8381fa6d50938d5378297ffbe4a1248.js?body=1" for ::1 at 2016-02-17 22:42:11 -0600


Started GET "/assets/bootstrap/carousel.self-b2e5e14483e6c31343a83861b7d487620f143d6fc2d07d5ae7544b6b225ba6be.js?body=1" for ::1 at 2016-02-17 22:42:11 -0600


Started GET "/assets/bootstrap/tab.self-9b77df34cbbb08ec93a806d6cdb741f04e3dbf3389978a0679146f2d2987bc89.js?body=1" for ::1 at 2016-02-17 22:42:11 -0600


Started GET "/assets/bootstrap/transition.self-9616c4e856b57659b67da3c6f2adcd584b5601ef4bebcdadab8ebb387d80bb25.js?body=1" for ::1 at 2016-02-17 22:42:11 -0600


Started GET "/assets/bootstrap/scrollspy.self-c5c6ed008955656d345067e9821d79f1216b8383134d08465d4aa1a33a2b93b4.js?body=1" for ::1 at 2016-02-17 22:42:11 -0600


Started GET "/assets/bootstrap/tooltip.self-3aa41fbe871573b34e0ebddf31598cd5a11a9841ca85f90934ea46326e46626d.js?body=1" for ::1 at 2016-02-17 22:42:11 -0600


Started GET "/assets/bootstrap/modal.self-bcfe54f3132bf16a8c5ce4289e47eba488f6522a08f49f378a037061c6c7aa4c.js?body=1" for ::1 at 2016-02-17 22:42:11 -0600


Started GET "/assets/bootstrap/popover.self-b73e9c9111d01148e24bbc46e096782e024dc5db630e7078cf11ed2587ef8551.js?body=1" for ::1 at 2016-02-17 22:42:11 -0600


Started GET "/assets/bootstrap-sprockets.self-fbfa5ad7d9aa0afe439ec4ff3883acc4cb92b62cb67c40d674320c9aa1d4642d.js?body=1" for ::1 at 2016-02-17 22:42:11 -0600


Started GET "/assets/jquery_ujs.self-d456baa54c1fa6be2ec3711f0a72ddf7a5b2f34a6b4f515f33767d6207b7d4b3.js?body=1" for ::1 at 2016-02-17 22:42:11 -0600


Started GET "/assets/jquery-ui.min.self-518357cf89466bcc16cea31b9bff2434a7fb2823e88809afce1e89b86bbced5c.js?body=1" for ::1 at 2016-02-17 22:42:11 -0600


Started GET "/assets/kanban_boards.self-877aef30ae1b040ab8a3aba4e3e309a11d7f2612f44dde450b5c157aa5f95c05.js?body=1" for ::1 at 2016-02-17 22:42:11 -0600


Started GET "/assets/tasks.self-4bc5cd97fa3a08c5e079caa85f65c5c1106c0f24128ec033effe6030c41c6209.js?body=1" for ::1 at 2016-02-17 22:42:11 -0600


Started GET "/assets/underscore-min.self-8c17561264389571750ac522c272868d7105cf5e3f8af4761d09489b631d177c.js?body=1" for ::1 at 2016-02-17 22:42:11 -0600


Started GET "/assets/application.self-3a3c8b61bda630ee689740ce7cbd0dd8ea6fdd45e2c42eef4661ab38cf268afe.js?body=1" for ::1 at 2016-02-17 22:42:11 -0600


Started GET "/assets/font-awesome/fontawesome-webfont-3c4a1bb7ce3234407184f0d80cc4dec075e4ad616b44dcc5778e1cfb1bc24019.woff2" for ::1 at 2016-02-17 22:42:11 -0600


Started GET "/" for ::1 at 2016-02-17 22:42:49 -0600
Processing by KanbanBoardsController#index as HTML
  [1m[35mKanbanBoard Load (0.1ms)[0m  SELECT "kanban_boards".* FROM "kanban_boards" WHERE "kanban_boards"."public_visible" = 't'
  Rendered kanban_boards/index.html.erb within layouts/application (1.1ms)
  Rendered shared/_navbar.html.erb (5.7ms)
Completed 200 OK in 84ms (Views: 83.3ms | ActiveRecord: 0.1ms)


Started GET "/assets/jquery.self-a714331225dda820228db323939889f149aec0127aeb06255646b616ba1ca419.js?body=1" for ::1 at 2016-02-17 22:42:49 -0600


Started GET "/assets/application.self-d88e4531a1c22051ce424c624f8c5279610f6c3bb5e8b3b2ea35c869cc273c92.css?body=1" for ::1 at 2016-02-17 22:42:49 -0600


Started GET "/assets/bootstrap/carousel.self-b2e5e14483e6c31343a83861b7d487620f143d6fc2d07d5ae7544b6b225ba6be.js?body=1" for ::1 at 2016-02-17 22:42:50 -0600


Started GET "/assets/bootstrap/affix.self-f7aef9d98ee5ece34a6a92a6a15bba777d93e8d908b75c95a85088277f394200.js?body=1" for ::1 at 2016-02-17 22:42:50 -0600


Started GET "/assets/bootstrap/alert.self-896ab026e6823f5cef2441e07dac53d0692a5b772ac58b1ce20aa624c342d3f4.js?body=1" for ::1 at 2016-02-17 22:42:50 -0600


Started GET "/assets/bootstrap/button.self-d19f3e2bcd3a7a4d75c11b9141b3fabd2c11987da1e99c85548ec3ecf8db30c3.js?body=1" for ::1 at 2016-02-17 22:42:50 -0600


Started GET "/assets/bootstrap/collapse.self-93820e9b486e375a7fb4477602def3a6f8381fa6d50938d5378297ffbe4a1248.js?body=1" for ::1 at 2016-02-17 22:42:50 -0600


Started GET "/assets/bootstrap/dropdown.self-30536ae4d54b2685c26b5787ed0eb549a9075717fe690cce6270873bedf2df00.js?body=1" for ::1 at 2016-02-17 22:42:50 -0600


Started GET "/assets/bootstrap/tab.self-9b77df34cbbb08ec93a806d6cdb741f04e3dbf3389978a0679146f2d2987bc89.js?body=1" for ::1 at 2016-02-17 22:42:50 -0600


Started GET "/assets/bootstrap/transition.self-9616c4e856b57659b67da3c6f2adcd584b5601ef4bebcdadab8ebb387d80bb25.js?body=1" for ::1 at 2016-02-17 22:42:50 -0600


Started GET "/assets/bootstrap/scrollspy.self-c5c6ed008955656d345067e9821d79f1216b8383134d08465d4aa1a33a2b93b4.js?body=1" for ::1 at 2016-02-17 22:42:50 -0600


Started GET "/assets/bootstrap/modal.self-bcfe54f3132bf16a8c5ce4289e47eba488f6522a08f49f378a037061c6c7aa4c.js?body=1" for ::1 at 2016-02-17 22:42:50 -0600


Started GET "/assets/bootstrap/tooltip.self-3aa41fbe871573b34e0ebddf31598cd5a11a9841ca85f90934ea46326e46626d.js?body=1" for ::1 at 2016-02-17 22:42:50 -0600


Started GET "/assets/bootstrap/popover.self-b73e9c9111d01148e24bbc46e096782e024dc5db630e7078cf11ed2587ef8551.js?body=1" for ::1 at 2016-02-17 22:42:50 -0600


Started GET "/assets/bootstrap-sprockets.self-fbfa5ad7d9aa0afe439ec4ff3883acc4cb92b62cb67c40d674320c9aa1d4642d.js?body=1" for ::1 at 2016-02-17 22:42:50 -0600


Started GET "/assets/jquery-ui.min.self-518357cf89466bcc16cea31b9bff2434a7fb2823e88809afce1e89b86bbced5c.js?body=1" for ::1 at 2016-02-17 22:42:50 -0600


Started GET "/assets/kanban_boards.self-877aef30ae1b040ab8a3aba4e3e309a11d7f2612f44dde450b5c157aa5f95c05.js?body=1" for ::1 at 2016-02-17 22:42:50 -0600


Started GET "/assets/jquery_ujs.self-d456baa54c1fa6be2ec3711f0a72ddf7a5b2f34a6b4f515f33767d6207b7d4b3.js?body=1" for ::1 at 2016-02-17 22:42:50 -0600


Started GET "/assets/tasks.self-4bc5cd97fa3a08c5e079caa85f65c5c1106c0f24128ec033effe6030c41c6209.js?body=1" for ::1 at 2016-02-17 22:42:50 -0600


Started GET "/assets/underscore-min.self-8c17561264389571750ac522c272868d7105cf5e3f8af4761d09489b631d177c.js?body=1" for ::1 at 2016-02-17 22:42:50 -0600


Started GET "/assets/application.self-3a3c8b61bda630ee689740ce7cbd0dd8ea6fdd45e2c42eef4661ab38cf268afe.js?body=1" for ::1 at 2016-02-17 22:42:50 -0600


Started GET "/assets/font-awesome/fontawesome-webfont-3c4a1bb7ce3234407184f0d80cc4dec075e4ad616b44dcc5778e1cfb1bc24019.woff2" for ::1 at 2016-02-17 22:42:50 -0600
